<?xml version="1.0" encoding="UTF-8"?>
<coverage generated="1638506428053" clover="3.2.0">
  <project timestamp="1638506428053" name="All files">
    <metrics statements="30" coveredstatements="13" conditionals="10" coveredconditionals="1" methods="11" coveredmethods="2" elements="51" coveredelements="16" complexity="0" loc="30" ncloc="30" packages="1" files="1" classes="1"/>
    <file name="Listings.js" path="C:\Users\paull\Desktop\UCSC ClassWork\CSE 183\Assignment8\cse183-dummy-facebook\Assignment8\frontend\src\components\home\Listings.js">
      <metrics statements="30" coveredstatements="13" conditionals="10" coveredconditionals="1" methods="11" coveredmethods="2"/>
      <line num="11" count="1" type="stmt"/>
      <line num="12" count="1" type="stmt"/>
      <line num="100" count="3" type="stmt"/>
      <line num="101" count="2" type="stmt"/>
      <line num="102" count="2" type="stmt"/>
      <line num="103" count="2" type="stmt"/>
      <line num="105" count="2" type="stmt"/>
      <line num="106" count="2" type="stmt"/>
      <line num="108" count="2" type="stmt"/>
      <line num="109" count="2" type="stmt"/>
      <line num="110" count="2" type="stmt"/>
      <line num="111" count="2" type="cond" truecount="1" falsecount="1"/>
      <line num="112" count="2" type="stmt"/>
      <line num="114" count="0" type="stmt"/>
      <line num="115" count="0" type="cond" truecount="0" falsecount="2"/>
      <line num="117" count="0" type="stmt"/>
      <line num="118" count="0" type="stmt"/>
      <line num="126" count="0" type="cond" truecount="0" falsecount="2"/>
      <line num="127" count="0" type="stmt"/>
      <line num="129" count="0" type="stmt"/>
      <line num="132" count="0" type="stmt"/>
      <line num="133" count="0" type="stmt"/>
      <line num="138" count="0" type="stmt"/>
      <line num="139" count="0" type="stmt"/>
      <line num="142" count="0" type="stmt"/>
      <line num="143" count="0" type="stmt"/>
      <line num="149" count="0" type="stmt"/>
      <line num="158" count="0" type="stmt"/>
      <line num="162" count="0" type="stmt"/>
      <line num="172" count="0" type="stmt"/>
    </file>
  </project>
</coverage>
