{"C:\\Users\\paull\\Desktop\\UCSC ClassWork\\CSE 183\\Assignment8\\cse183-dummy-facebook\\Assignment8\\frontend\\src\\components\\home\\Listings.js": {"path":"C:\\Users\\paull\\Desktop\\UCSC ClassWork\\CSE 183\\Assignment8\\cse183-dummy-facebook\\Assignment8\\frontend\\src\\components\\home\\Listings.js","statementMap":{"0":{"start":{"line":11,"column":20},"end":{"line":11,"column":23}},"1":{"start":{"line":12,"column":18},"end":{"line":93,"column":3}},"2":{"start":{"line":12,"column":41},"end":{"line":93,"column":1}},"3":{"start":{"line":100,"column":26},"end":{"line":100,"column":60}},"4":{"start":{"line":101,"column":30},"end":{"line":101,"column":43}},"5":{"start":{"line":102,"column":30},"end":{"line":102,"column":64}},"6":{"start":{"line":103,"column":28},"end":{"line":103,"column":45}},"7":{"start":{"line":105,"column":28},"end":{"line":105,"column":62}},"8":{"start":{"line":106,"column":47},"end":{"line":106,"column":62}},"9":{"start":{"line":108,"column":18},"end":{"line":108,"column":29}},"10":{"start":{"line":109,"column":19},"end":{"line":109,"column":21}},"11":{"start":{"line":110,"column":15},"end":{"line":110,"column":43}},"12":{"start":{"line":111,"column":2},"end":{"line":113,"column":3}},"13":{"start":{"line":112,"column":4},"end":{"line":112,"column":11}},"14":{"start":{"line":114,"column":15},"end":{"line":114,"column":31}},"15":{"start":{"line":115,"column":22},"end":{"line":115,"column":50}},"16":{"start":{"line":117,"column":22},"end":{"line":141,"column":3}},"17":{"start":{"line":118,"column":4},"end":{"line":140,"column":9}},"18":{"start":{"line":126,"column":8},"end":{"line":128,"column":9}},"19":{"start":{"line":127,"column":10},"end":{"line":127,"column":20}},"20":{"start":{"line":129,"column":8},"end":{"line":129,"column":26}},"21":{"start":{"line":132,"column":8},"end":{"line":134,"column":11}},"22":{"start":{"line":133,"column":10},"end":{"line":133,"column":38}},"23":{"start":{"line":138,"column":8},"end":{"line":138,"column":25}},"24":{"start":{"line":139,"column":8},"end":{"line":139,"column":70}},"25":{"start":{"line":142,"column":2},"end":{"line":142,"column":16}},"26":{"start":{"line":143,"column":2},"end":{"line":188,"column":4}},"27":{"start":{"line":149,"column":27},"end":{"line":149,"column":48}},"28":{"start":{"line":158,"column":27},"end":{"line":158,"column":48}},"29":{"start":{"line":162,"column":27},"end":{"line":162,"column":51}},"30":{"start":{"line":172,"column":10},"end":{"line":184,"column":26}}},"fnMap":{"0":{"name":"(anonymous_0)","decl":{"start":{"line":12,"column":29},"end":{"line":12,"column":30}},"loc":{"start":{"line":12,"column":41},"end":{"line":93,"column":1}},"line":12},"1":{"name":"Listings","decl":{"start":{"line":99,"column":9},"end":{"line":99,"column":17}},"loc":{"start":{"line":99,"column":20},"end":{"line":189,"column":1}},"line":99},"2":{"name":"(anonymous_2)","decl":{"start":{"line":117,"column":22},"end":{"line":117,"column":23}},"loc":{"start":{"line":117,"column":28},"end":{"line":141,"column":3}},"line":117},"3":{"name":"(anonymous_3)","decl":{"start":{"line":125,"column":12},"end":{"line":125,"column":13}},"loc":{"start":{"line":125,"column":21},"end":{"line":130,"column":7}},"line":125},"4":{"name":"(anonymous_4)","decl":{"start":{"line":131,"column":12},"end":{"line":131,"column":13}},"loc":{"start":{"line":131,"column":22},"end":{"line":136,"column":7}},"line":131},"5":{"name":"(anonymous_5)","decl":{"start":{"line":132,"column":21},"end":{"line":132,"column":22}},"loc":{"start":{"line":132,"column":30},"end":{"line":134,"column":9}},"line":132},"6":{"name":"(anonymous_6)","decl":{"start":{"line":137,"column":13},"end":{"line":137,"column":14}},"loc":{"start":{"line":137,"column":22},"end":{"line":140,"column":7}},"line":137},"7":{"name":"(anonymous_7)","decl":{"start":{"line":149,"column":21},"end":{"line":149,"column":22}},"loc":{"start":{"line":149,"column":27},"end":{"line":149,"column":48}},"line":149},"8":{"name":"(anonymous_8)","decl":{"start":{"line":158,"column":21},"end":{"line":158,"column":22}},"loc":{"start":{"line":158,"column":27},"end":{"line":158,"column":48}},"line":158},"9":{"name":"(anonymous_9)","decl":{"start":{"line":162,"column":21},"end":{"line":162,"column":22}},"loc":{"start":{"line":162,"column":27},"end":{"line":162,"column":51}},"line":162},"10":{"name":"(anonymous_10)","decl":{"start":{"line":171,"column":22},"end":{"line":171,"column":23}},"loc":{"start":{"line":172,"column":10},"end":{"line":184,"column":26}},"line":172}},"branchMap":{"0":{"loc":{"start":{"line":111,"column":2},"end":{"line":113,"column":3}},"type":"if","locations":[{"start":{"line":111,"column":2},"end":{"line":113,"column":3}},{"start":{},"end":{}}],"line":111},"1":{"loc":{"start":{"line":115,"column":22},"end":{"line":115,"column":50}},"type":"cond-expr","locations":[{"start":{"line":115,"column":29},"end":{"line":115,"column":45}},{"start":{"line":115,"column":48},"end":{"line":115,"column":50}}],"line":115},"2":{"loc":{"start":{"line":126,"column":8},"end":{"line":128,"column":9}},"type":"if","locations":[{"start":{"line":126,"column":8},"end":{"line":128,"column":9}},{"start":{},"end":{}}],"line":126},"3":{"loc":{"start":{"line":145,"column":7},"end":{"line":166,"column":15}},"type":"cond-expr","locations":[{"start":{"line":146,"column":8},"end":{"line":155,"column":12}},{"start":{"line":156,"column":9},"end":{"line":166,"column":14}}],"line":145},"4":{"loc":{"start":{"line":165,"column":11},"end":{"line":165,"column":54}},"type":"cond-expr","locations":[{"start":{"line":165,"column":27},"end":{"line":165,"column":45}},{"start":{"line":165,"column":48},"end":{"line":165,"column":54}}],"line":165}},"s":{"0":1,"1":1,"2":1,"3":3,"4":2,"5":2,"6":2,"7":2,"8":2,"9":2,"10":2,"11":2,"12":2,"13":2,"14":0,"15":0,"16":0,"17":0,"18":0,"19":0,"20":0,"21":0,"22":0,"23":0,"24":0,"25":0,"26":0,"27":0,"28":0,"29":0,"30":0},"f":{"0":1,"1":3,"2":0,"3":0,"4":0,"5":0,"6":0,"7":0,"8":0,"9":0,"10":0},"b":{"0":[2,0],"1":[0,0],"2":[0,0],"3":[0,0],"4":[0,0]},"_coverageSchema":"1a1c01bbd47fc00a2c39e90264f33305004495a9","hash":"5ac865b5cc5f46dd67bfd84ec2cf37d2bb8f81dc"}
}
