{"/Users/gareth/CSE183/cse183-dummy-facebook/Assignment8/frontend/src/components/App.js": {"path":"/Users/gareth/CSE183/cse183-dummy-facebook/Assignment8/frontend/src/components/App.js","statementMap":{"0":{"start":{"line":8,"column":32},"end":{"line":8,"column":47}},"1":{"start":{"line":15,"column":48},"end":{"line":15,"column":66}},"2":{"start":{"line":16,"column":54},"end":{"line":16,"column":72}},"3":{"start":{"line":17,"column":46},"end":{"line":17,"column":64}},"4":{"start":{"line":18,"column":42},"end":{"line":18,"column":63}},"5":{"start":{"line":19,"column":38},"end":{"line":19,"column":59}},"6":{"start":{"line":20,"column":34},"end":{"line":20,"column":55}},"7":{"start":{"line":21,"column":47},"end":{"line":21,"column":68}},"8":{"start":{"line":22,"column":40},"end":{"line":22,"column":61}},"9":{"start":{"line":23,"column":30},"end":{"line":23,"column":48}},"10":{"start":{"line":24,"column":46},"end":{"line":24,"column":64}},"11":{"start":{"line":25,"column":34},"end":{"line":25,"column":52}},"12":{"start":{"line":26,"column":34},"end":{"line":26,"column":52}},"13":{"start":{"line":27,"column":30},"end":{"line":27,"column":48}},"14":{"start":{"line":28,"column":45},"end":{"line":28,"column":66}},"15":{"start":{"line":29,"column":43},"end":{"line":29,"column":64}},"16":{"start":{"line":30,"column":42},"end":{"line":31,"column":47}},"17":{"start":{"line":33,"column":2},"end":{"line":35,"column":9}},"18":{"start":{"line":34,"column":4},"end":{"line":34,"column":24}},"19":{"start":{"line":37,"column":2},"end":{"line":72,"column":4}}},"fnMap":{"0":{"name":"App","decl":{"start":{"line":14,"column":9},"end":{"line":14,"column":12}},"loc":{"start":{"line":14,"column":15},"end":{"line":73,"column":1}},"line":14},"1":{"name":"(anonymous_1)","decl":{"start":{"line":33,"column":12},"end":{"line":33,"column":13}},"loc":{"start":{"line":33,"column":16},"end":{"line":35,"column":3}},"line":33}},"branchMap":{},"s":{"0":1,"1":9,"2":8,"3":8,"4":8,"5":8,"6":8,"7":8,"8":8,"9":8,"10":8,"11":8,"12":8,"13":8,"14":8,"15":8,"16":8,"17":8,"18":4,"19":8},"f":{"0":9,"1":4},"b":{},"_coverageSchema":"1a1c01bbd47fc00a2c39e90264f33305004495a9","hash":"733388384646909af65916c81f328a1b2d3090a4"}
,"/Users/gareth/CSE183/cse183-dummy-facebook/Assignment8/frontend/src/components/Home.js": {"path":"/Users/gareth/CSE183/cse183-dummy-facebook/Assignment8/frontend/src/components/Home.js","statementMap":{"0":{"start":{"line":12,"column":2},"end":{"line":18,"column":4}}},"fnMap":{"0":{"name":"Home","decl":{"start":{"line":11,"column":24},"end":{"line":11,"column":28}},"loc":{"start":{"line":11,"column":31},"end":{"line":19,"column":1}},"line":11}},"branchMap":{},"s":{"0":5},"f":{"0":5},"b":{},"_coverageSchema":"1a1c01bbd47fc00a2c39e90264f33305004495a9","hash":"b6de9016c4d0d47aabed3f897dbdf8267b336dc7"}
,"/Users/gareth/CSE183/cse183-dummy-facebook/Assignment8/frontend/src/components/SignIn.js": {"path":"/Users/gareth/CSE183/cse183-dummy-facebook/Assignment8/frontend/src/components/SignIn.js","statementMap":{"0":{"start":{"line":24,"column":2},"end":{"line":34,"column":4}},"1":{"start":{"line":37,"column":14},"end":{"line":37,"column":27}},"2":{"start":{"line":45,"column":26},"end":{"line":45,"column":67}},"3":{"start":{"line":47,"column":17},"end":{"line":47,"column":51}},"4":{"start":{"line":48,"column":26},"end":{"line":48,"column":35}},"5":{"start":{"line":49,"column":18},"end":{"line":49,"column":30}},"6":{"start":{"line":50,"column":28},"end":{"line":55,"column":3}},"7":{"start":{"line":51,"column":26},"end":{"line":51,"column":38}},"8":{"start":{"line":52,"column":14},"end":{"line":52,"column":18}},"9":{"start":{"line":53,"column":4},"end":{"line":53,"column":20}},"10":{"start":{"line":54,"column":4},"end":{"line":54,"column":15}},"11":{"start":{"line":57,"column":23},"end":{"line":81,"column":3}},"12":{"start":{"line":58,"column":4},"end":{"line":58,"column":27}},"13":{"start":{"line":59,"column":4},"end":{"line":80,"column":9}},"14":{"start":{"line":67,"column":8},"end":{"line":69,"column":9}},"15":{"start":{"line":68,"column":10},"end":{"line":68,"column":20}},"16":{"start":{"line":70,"column":8},"end":{"line":70,"column":26}},"17":{"start":{"line":73,"column":8},"end":{"line":73,"column":26}},"18":{"start":{"line":74,"column":8},"end":{"line":74,"column":59}},"19":{"start":{"line":75,"column":8},"end":{"line":75,"column":26}},"20":{"start":{"line":78,"column":8},"end":{"line":78,"column":25}},"21":{"start":{"line":79,"column":8},"end":{"line":79,"column":62}},"22":{"start":{"line":83,"column":2},"end":{"line":153,"column":4}}},"fnMap":{"0":{"name":"Copyright","decl":{"start":{"line":23,"column":9},"end":{"line":23,"column":18}},"loc":{"start":{"line":23,"column":26},"end":{"line":35,"column":1}},"line":23},"1":{"name":"SignIn","decl":{"start":{"line":44,"column":24},"end":{"line":44,"column":30}},"loc":{"start":{"line":44,"column":33},"end":{"line":154,"column":1}},"line":44},"2":{"name":"(anonymous_2)","decl":{"start":{"line":50,"column":28},"end":{"line":50,"column":29}},"loc":{"start":{"line":50,"column":39},"end":{"line":55,"column":3}},"line":50},"3":{"name":"(anonymous_3)","decl":{"start":{"line":57,"column":23},"end":{"line":57,"column":24}},"loc":{"start":{"line":57,"column":34},"end":{"line":81,"column":3}},"line":57},"4":{"name":"(anonymous_4)","decl":{"start":{"line":66,"column":12},"end":{"line":66,"column":13}},"loc":{"start":{"line":66,"column":21},"end":{"line":71,"column":7}},"line":66},"5":{"name":"(anonymous_5)","decl":{"start":{"line":72,"column":12},"end":{"line":72,"column":13}},"loc":{"start":{"line":72,"column":22},"end":{"line":76,"column":7}},"line":72},"6":{"name":"(anonymous_6)","decl":{"start":{"line":77,"column":13},"end":{"line":77,"column":14}},"loc":{"start":{"line":77,"column":22},"end":{"line":80,"column":7}},"line":77}},"branchMap":{"0":{"loc":{"start":{"line":67,"column":8},"end":{"line":69,"column":9}},"type":"if","locations":[{"start":{"line":67,"column":8},"end":{"line":69,"column":9}},{"start":{},"end":{}}],"line":67}},"s":{"0":3,"1":1,"2":3,"3":3,"4":3,"5":3,"6":3,"7":0,"8":0,"9":0,"10":0,"11":3,"12":0,"13":0,"14":0,"15":0,"16":0,"17":0,"18":0,"19":0,"20":0,"21":0,"22":3},"f":{"0":3,"1":3,"2":0,"3":0,"4":0,"5":0,"6":0},"b":{"0":[0,0]},"_coverageSchema":"1a1c01bbd47fc00a2c39e90264f33305004495a9","hash":"15be63394d0b612335480a82f691f4f93992eca9"}
,"/Users/gareth/CSE183/cse183-dummy-facebook/Assignment8/frontend/src/components/home/Display.js": {"path":"/Users/gareth/CSE183/cse183-dummy-facebook/Assignment8/frontend/src/components/home/Display.js","statementMap":{"0":{"start":{"line":22,"column":18},"end":{"line":27,"column":2}},"1":{"start":{"line":28,"column":19},"end":{"line":30,"column":2}},"2":{"start":{"line":29,"column":2},"end":{"line":29,"column":55}},"3":{"start":{"line":37,"column":32},"end":{"line":37,"column":61}},"4":{"start":{"line":38,"column":26},"end":{"line":38,"column":47}},"5":{"start":{"line":39,"column":33},"end":{"line":39,"column":51}},"6":{"start":{"line":40,"column":34},"end":{"line":40,"column":52}},"7":{"start":{"line":41,"column":18},"end":{"line":41,"column":29}},"8":{"start":{"line":42,"column":15},"end":{"line":42,"column":43}},"9":{"start":{"line":43,"column":15},"end":{"line":43,"column":31}},"10":{"start":{"line":44,"column":22},"end":{"line":44,"column":50}},"11":{"start":{"line":46,"column":28},"end":{"line":51,"column":3}},"12":{"start":{"line":47,"column":26},"end":{"line":47,"column":38}},"13":{"start":{"line":48,"column":14},"end":{"line":48,"column":21}},"14":{"start":{"line":49,"column":4},"end":{"line":49,"column":20}},"15":{"start":{"line":50,"column":4},"end":{"line":50,"column":18}},"16":{"start":{"line":53,"column":26},"end":{"line":55,"column":3}},"17":{"start":{"line":54,"column":4},"end":{"line":54,"column":18}},"18":{"start":{"line":56,"column":22},"end":{"line":58,"column":3}},"19":{"start":{"line":57,"column":4},"end":{"line":57,"column":19}},"20":{"start":{"line":59,"column":2},"end":{"line":62,"column":9}},"21":{"start":{"line":60,"column":4},"end":{"line":60,"column":17}},"22":{"start":{"line":61,"column":4},"end":{"line":61,"column":17}},"23":{"start":{"line":65,"column":23},"end":{"line":86,"column":3}},"24":{"start":{"line":66,"column":4},"end":{"line":66,"column":27}},"25":{"start":{"line":67,"column":4},"end":{"line":85,"column":9}},"26":{"start":{"line":75,"column":8},"end":{"line":77,"column":9}},"27":{"start":{"line":76,"column":10},"end":{"line":76,"column":20}},"28":{"start":{"line":78,"column":8},"end":{"line":78,"column":26}},"29":{"start":{"line":83,"column":8},"end":{"line":83,"column":25}},"30":{"start":{"line":84,"column":8},"end":{"line":84,"column":62}},"31":{"start":{"line":89,"column":21},"end":{"line":126,"column":3}},"32":{"start":{"line":90,"column":4},"end":{"line":125,"column":9}},"33":{"start":{"line":98,"column":8},"end":{"line":100,"column":9}},"34":{"start":{"line":99,"column":10},"end":{"line":99,"column":20}},"35":{"start":{"line":101,"column":8},"end":{"line":101,"column":26}},"36":{"start":{"line":104,"column":21},"end":{"line":104,"column":23}},"37":{"start":{"line":105,"column":8},"end":{"line":120,"column":11}},"38":{"start":{"line":106,"column":22},"end":{"line":110,"column":11}},"39":{"start":{"line":111,"column":27},"end":{"line":114,"column":11}},"40":{"start":{"line":115,"column":10},"end":{"line":119,"column":11}},"41":{"start":{"line":116,"column":12},"end":{"line":116,"column":27}},"42":{"start":{"line":118,"column":12},"end":{"line":118,"column":32}},"43":{"start":{"line":121,"column":8},"end":{"line":121,"column":29}},"44":{"start":{"line":124,"column":8},"end":{"line":124,"column":25}},"45":{"start":{"line":128,"column":21},"end":{"line":159,"column":3}},"46":{"start":{"line":129,"column":4},"end":{"line":158,"column":9}},"47":{"start":{"line":137,"column":8},"end":{"line":139,"column":9}},"48":{"start":{"line":138,"column":10},"end":{"line":138,"column":20}},"49":{"start":{"line":140,"column":8},"end":{"line":140,"column":26}},"50":{"start":{"line":143,"column":21},"end":{"line":143,"column":23}},"51":{"start":{"line":144,"column":8},"end":{"line":153,"column":11}},"52":{"start":{"line":145,"column":22},"end":{"line":151,"column":11}},"53":{"start":{"line":152,"column":10},"end":{"line":152,"column":25}},"54":{"start":{"line":154,"column":8},"end":{"line":154,"column":28}},"55":{"start":{"line":157,"column":8},"end":{"line":157,"column":25}},"56":{"start":{"line":160,"column":2},"end":{"line":162,"column":3}},"57":{"start":{"line":161,"column":4},"end":{"line":161,"column":21}},"58":{"start":{"line":163,"column":12},"end":{"line":163,"column":24}},"59":{"start":{"line":164,"column":12},"end":{"line":164,"column":24}},"60":{"start":{"line":165,"column":2},"end":{"line":283,"column":4}},"61":{"start":{"line":179,"column":8},"end":{"line":280,"column":17}},"62":{"start":{"line":231,"column":24},"end":{"line":248,"column":37}}},"fnMap":{"0":{"name":"Transition","decl":{"start":{"line":28,"column":45},"end":{"line":28,"column":55}},"loc":{"start":{"line":28,"column":68},"end":{"line":30,"column":1}},"line":28},"1":{"name":"ListingReader","decl":{"start":{"line":36,"column":24},"end":{"line":36,"column":37}},"loc":{"start":{"line":36,"column":45},"end":{"line":284,"column":1}},"line":36},"2":{"name":"(anonymous_2)","decl":{"start":{"line":46,"column":28},"end":{"line":46,"column":29}},"loc":{"start":{"line":46,"column":39},"end":{"line":51,"column":3}},"line":46},"3":{"name":"(anonymous_3)","decl":{"start":{"line":53,"column":26},"end":{"line":53,"column":27}},"loc":{"start":{"line":53,"column":32},"end":{"line":55,"column":3}},"line":53},"4":{"name":"(anonymous_4)","decl":{"start":{"line":56,"column":22},"end":{"line":56,"column":23}},"loc":{"start":{"line":56,"column":28},"end":{"line":58,"column":3}},"line":56},"5":{"name":"(anonymous_5)","decl":{"start":{"line":59,"column":12},"end":{"line":59,"column":13}},"loc":{"start":{"line":59,"column":16},"end":{"line":62,"column":3}},"line":59},"6":{"name":"(anonymous_6)","decl":{"start":{"line":65,"column":23},"end":{"line":65,"column":24}},"loc":{"start":{"line":65,"column":34},"end":{"line":86,"column":3}},"line":65},"7":{"name":"(anonymous_7)","decl":{"start":{"line":74,"column":12},"end":{"line":74,"column":13}},"loc":{"start":{"line":74,"column":21},"end":{"line":79,"column":7}},"line":74},"8":{"name":"(anonymous_8)","decl":{"start":{"line":80,"column":12},"end":{"line":80,"column":13}},"loc":{"start":{"line":80,"column":22},"end":{"line":81,"column":7}},"line":80},"9":{"name":"(anonymous_9)","decl":{"start":{"line":82,"column":13},"end":{"line":82,"column":14}},"loc":{"start":{"line":82,"column":22},"end":{"line":85,"column":7}},"line":82},"10":{"name":"(anonymous_10)","decl":{"start":{"line":89,"column":21},"end":{"line":89,"column":22}},"loc":{"start":{"line":89,"column":27},"end":{"line":126,"column":3}},"line":89},"11":{"name":"(anonymous_11)","decl":{"start":{"line":97,"column":12},"end":{"line":97,"column":13}},"loc":{"start":{"line":97,"column":21},"end":{"line":102,"column":7}},"line":97},"12":{"name":"(anonymous_12)","decl":{"start":{"line":103,"column":12},"end":{"line":103,"column":13}},"loc":{"start":{"line":103,"column":22},"end":{"line":122,"column":7}},"line":103},"13":{"name":"(anonymous_13)","decl":{"start":{"line":105,"column":21},"end":{"line":105,"column":22}},"loc":{"start":{"line":105,"column":30},"end":{"line":120,"column":9}},"line":105},"14":{"name":"(anonymous_14)","decl":{"start":{"line":123,"column":13},"end":{"line":123,"column":14}},"loc":{"start":{"line":123,"column":22},"end":{"line":125,"column":7}},"line":123},"15":{"name":"(anonymous_15)","decl":{"start":{"line":128,"column":21},"end":{"line":128,"column":22}},"loc":{"start":{"line":128,"column":27},"end":{"line":159,"column":3}},"line":128},"16":{"name":"(anonymous_16)","decl":{"start":{"line":136,"column":12},"end":{"line":136,"column":13}},"loc":{"start":{"line":136,"column":21},"end":{"line":141,"column":7}},"line":136},"17":{"name":"(anonymous_17)","decl":{"start":{"line":142,"column":12},"end":{"line":142,"column":13}},"loc":{"start":{"line":142,"column":22},"end":{"line":155,"column":7}},"line":142},"18":{"name":"(anonymous_18)","decl":{"start":{"line":144,"column":21},"end":{"line":144,"column":22}},"loc":{"start":{"line":144,"column":30},"end":{"line":153,"column":9}},"line":144},"19":{"name":"(anonymous_19)","decl":{"start":{"line":156,"column":13},"end":{"line":156,"column":14}},"loc":{"start":{"line":156,"column":22},"end":{"line":158,"column":7}},"line":156},"20":{"name":"(anonymous_20)","decl":{"start":{"line":178,"column":13},"end":{"line":178,"column":14}},"loc":{"start":{"line":179,"column":8},"end":{"line":280,"column":17}},"line":179},"21":{"name":"(anonymous_21)","decl":{"start":{"line":230,"column":29},"end":{"line":230,"column":30}},"loc":{"start":{"line":231,"column":24},"end":{"line":248,"column":37}},"line":231}},"branchMap":{"0":{"loc":{"start":{"line":44,"column":22},"end":{"line":44,"column":50}},"type":"cond-expr","locations":[{"start":{"line":44,"column":29},"end":{"line":44,"column":45}},{"start":{"line":44,"column":48},"end":{"line":44,"column":50}}],"line":44},"1":{"loc":{"start":{"line":75,"column":8},"end":{"line":77,"column":9}},"type":"if","locations":[{"start":{"line":75,"column":8},"end":{"line":77,"column":9}},{"start":{},"end":{}}],"line":75},"2":{"loc":{"start":{"line":98,"column":8},"end":{"line":100,"column":9}},"type":"if","locations":[{"start":{"line":98,"column":8},"end":{"line":100,"column":9}},{"start":{},"end":{}}],"line":98},"3":{"loc":{"start":{"line":115,"column":10},"end":{"line":119,"column":11}},"type":"if","locations":[{"start":{"line":115,"column":10},"end":{"line":119,"column":11}},{"start":{"line":117,"column":17},"end":{"line":119,"column":11}}],"line":115},"4":{"loc":{"start":{"line":137,"column":8},"end":{"line":139,"column":9}},"type":"if","locations":[{"start":{"line":137,"column":8},"end":{"line":139,"column":9}},{"start":{},"end":{}}],"line":137},"5":{"loc":{"start":{"line":160,"column":2},"end":{"line":162,"column":3}},"type":"if","locations":[{"start":{"line":160,"column":2},"end":{"line":162,"column":3}},{"start":{},"end":{}}],"line":160},"6":{"loc":{"start":{"line":160,"column":6},"end":{"line":160,"column":62}},"type":"binary-expr","locations":[{"start":{"line":160,"column":6},"end":{"line":160,"column":32}},{"start":{"line":160,"column":36},"end":{"line":160,"column":62}}],"line":160}},"s":{"0":1,"1":1,"2":0,"3":0,"4":0,"5":0,"6":0,"7":0,"8":0,"9":0,"10":0,"11":0,"12":0,"13":0,"14":0,"15":0,"16":0,"17":0,"18":0,"19":0,"20":0,"21":0,"22":0,"23":0,"24":0,"25":0,"26":0,"27":0,"28":0,"29":0,"30":0,"31":0,"32":0,"33":0,"34":0,"35":0,"36":0,"37":0,"38":0,"39":0,"40":0,"41":0,"42":0,"43":0,"44":0,"45":0,"46":0,"47":0,"48":0,"49":0,"50":0,"51":0,"52":0,"53":0,"54":0,"55":0,"56":0,"57":0,"58":0,"59":0,"60":0,"61":0,"62":0},"f":{"0":0,"1":0,"2":0,"3":0,"4":0,"5":0,"6":0,"7":0,"8":0,"9":0,"10":0,"11":0,"12":0,"13":0,"14":0,"15":0,"16":0,"17":0,"18":0,"19":0,"20":0,"21":0},"b":{"0":[0,0],"1":[0,0],"2":[0,0],"3":[0,0],"4":[0,0],"5":[0,0],"6":[0,0]},"_coverageSchema":"1a1c01bbd47fc00a2c39e90264f33305004495a9","hash":"ace30c0333717aa7386e530efcd67e2f04b42445"}
,"/Users/gareth/CSE183/cse183-dummy-facebook/Assignment8/frontend/src/components/home/Listings.js": {"path":"/Users/gareth/CSE183/cse183-dummy-facebook/Assignment8/frontend/src/components/home/Listings.js","statementMap":{"0":{"start":{"line":30,"column":12},"end":{"line":30,"column":26}},"1":{"start":{"line":31,"column":20},"end":{"line":31,"column":23}},"2":{"start":{"line":32,"column":18},"end":{"line":287,"column":3}},"3":{"start":{"line":32,"column":41},"end":{"line":287,"column":1}},"4":{"start":{"line":294,"column":28},"end":{"line":294,"column":62}},"5":{"start":{"line":295,"column":47},"end":{"line":295,"column":62}},"6":{"start":{"line":296,"column":39},"end":{"line":296,"column":54}},"7":{"start":{"line":297,"column":38},"end":{"line":297,"column":53}},"8":{"start":{"line":310,"column":6},"end":{"line":310,"column":40}},"9":{"start":{"line":311,"column":48},"end":{"line":311,"column":65}},"10":{"start":{"line":312,"column":42},"end":{"line":312,"column":55}},"11":{"start":{"line":313,"column":46},"end":{"line":313,"column":61}},"12":{"start":{"line":314,"column":54},"end":{"line":314,"column":73}},"13":{"start":{"line":315,"column":30},"end":{"line":315,"column":37}},"14":{"start":{"line":316,"column":34},"end":{"line":316,"column":43}},"15":{"start":{"line":317,"column":34},"end":{"line":317,"column":43}},"16":{"start":{"line":318,"column":30},"end":{"line":318,"column":37}},"17":{"start":{"line":319,"column":45},"end":{"line":319,"column":58}},"18":{"start":{"line":320,"column":43},"end":{"line":320,"column":55}},"19":{"start":{"line":321,"column":42},"end":{"line":321,"column":55}},"20":{"start":{"line":324,"column":18},"end":{"line":324,"column":29}},"21":{"start":{"line":325,"column":15},"end":{"line":325,"column":43}},"22":{"start":{"line":327,"column":15},"end":{"line":327,"column":31}},"23":{"start":{"line":328,"column":22},"end":{"line":328,"column":50}},"24":{"start":{"line":330,"column":2},"end":{"line":330,"column":33}},"25":{"start":{"line":333,"column":22},"end":{"line":365,"column":3}},"26":{"start":{"line":334,"column":4},"end":{"line":364,"column":9}},"27":{"start":{"line":342,"column":8},"end":{"line":344,"column":9}},"28":{"start":{"line":343,"column":10},"end":{"line":343,"column":20}},"29":{"start":{"line":345,"column":8},"end":{"line":345,"column":26}},"30":{"start":{"line":348,"column":25},"end":{"line":348,"column":27}},"31":{"start":{"line":349,"column":8},"end":{"line":359,"column":11}},"32":{"start":{"line":350,"column":22},"end":{"line":357,"column":11}},"33":{"start":{"line":358,"column":10},"end":{"line":358,"column":29}},"34":{"start":{"line":360,"column":8},"end":{"line":360,"column":32}},"35":{"start":{"line":363,"column":8},"end":{"line":363,"column":25}},"36":{"start":{"line":367,"column":2},"end":{"line":369,"column":3}},"37":{"start":{"line":368,"column":4},"end":{"line":368,"column":24}},"38":{"start":{"line":370,"column":24},"end":{"line":392,"column":3}},"39":{"start":{"line":371,"column":4},"end":{"line":391,"column":9}},"40":{"start":{"line":379,"column":8},"end":{"line":381,"column":9}},"41":{"start":{"line":380,"column":10},"end":{"line":380,"column":20}},"42":{"start":{"line":382,"column":8},"end":{"line":382,"column":26}},"43":{"start":{"line":385,"column":8},"end":{"line":385,"column":32}},"44":{"start":{"line":389,"column":8},"end":{"line":389,"column":25}},"45":{"start":{"line":390,"column":8},"end":{"line":390,"column":71}},"46":{"start":{"line":395,"column":2},"end":{"line":398,"column":9}},"47":{"start":{"line":396,"column":4},"end":{"line":396,"column":18}},"48":{"start":{"line":397,"column":4},"end":{"line":397,"column":20}},"49":{"start":{"line":401,"column":2},"end":{"line":403,"column":3}},"50":{"start":{"line":402,"column":4},"end":{"line":402,"column":70}},"51":{"start":{"line":405,"column":29},"end":{"line":454,"column":3}},"52":{"start":{"line":407,"column":4},"end":{"line":417,"column":5}},"53":{"start":{"line":408,"column":6},"end":{"line":408,"column":45}},"54":{"start":{"line":409,"column":11},"end":{"line":417,"column":5}},"55":{"start":{"line":410,"column":6},"end":{"line":414,"column":7}},"56":{"start":{"line":411,"column":8},"end":{"line":411,"column":45}},"57":{"start":{"line":413,"column":8},"end":{"line":413,"column":18}},"58":{"start":{"line":416,"column":6},"end":{"line":416,"column":74}},"59":{"start":{"line":418,"column":22},"end":{"line":418,"column":47}},"60":{"start":{"line":419,"column":4},"end":{"line":421,"column":5}},"61":{"start":{"line":420,"column":6},"end":{"line":420,"column":23}},"62":{"start":{"line":422,"column":4},"end":{"line":453,"column":9}},"63":{"start":{"line":430,"column":8},"end":{"line":432,"column":9}},"64":{"start":{"line":431,"column":10},"end":{"line":431,"column":20}},"65":{"start":{"line":433,"column":8},"end":{"line":433,"column":29}},"66":{"start":{"line":436,"column":25},"end":{"line":436,"column":27}},"67":{"start":{"line":437,"column":8},"end":{"line":447,"column":11}},"68":{"start":{"line":438,"column":22},"end":{"line":445,"column":11}},"69":{"start":{"line":446,"column":10},"end":{"line":446,"column":29}},"70":{"start":{"line":448,"column":8},"end":{"line":448,"column":32}},"71":{"start":{"line":451,"column":8},"end":{"line":451,"column":25}},"72":{"start":{"line":452,"column":8},"end":{"line":452,"column":69}},"73":{"start":{"line":456,"column":32},"end":{"line":497,"column":3}},"74":{"start":{"line":458,"column":4},"end":{"line":464,"column":5}},"75":{"start":{"line":459,"column":6},"end":{"line":459,"column":51}},"76":{"start":{"line":460,"column":11},"end":{"line":464,"column":5}},"77":{"start":{"line":461,"column":6},"end":{"line":461,"column":43}},"78":{"start":{"line":463,"column":6},"end":{"line":463,"column":80}},"79":{"start":{"line":465,"column":24},"end":{"line":465,"column":49}},"80":{"start":{"line":466,"column":4},"end":{"line":496,"column":9}},"81":{"start":{"line":474,"column":8},"end":{"line":476,"column":9}},"82":{"start":{"line":475,"column":10},"end":{"line":475,"column":20}},"83":{"start":{"line":477,"column":8},"end":{"line":477,"column":29}},"84":{"start":{"line":480,"column":25},"end":{"line":480,"column":27}},"85":{"start":{"line":481,"column":8},"end":{"line":490,"column":11}},"86":{"start":{"line":482,"column":22},"end":{"line":488,"column":11}},"87":{"start":{"line":489,"column":10},"end":{"line":489,"column":29}},"88":{"start":{"line":491,"column":8},"end":{"line":491,"column":32}},"89":{"start":{"line":494,"column":8},"end":{"line":494,"column":25}},"90":{"start":{"line":495,"column":8},"end":{"line":495,"column":73}},"91":{"start":{"line":499,"column":23},"end":{"line":526,"column":3}},"92":{"start":{"line":501,"column":12},"end":{"line":501,"column":20}},"93":{"start":{"line":502,"column":12},"end":{"line":502,"column":18}},"94":{"start":{"line":503,"column":4},"end":{"line":505,"column":5}},"95":{"start":{"line":504,"column":6},"end":{"line":504,"column":27}},"96":{"start":{"line":506,"column":4},"end":{"line":508,"column":5}},"97":{"start":{"line":507,"column":6},"end":{"line":507,"column":15}},"98":{"start":{"line":509,"column":17},"end":{"line":512,"column":5}},"99":{"start":{"line":513,"column":4},"end":{"line":513,"column":26}},"100":{"start":{"line":514,"column":4},"end":{"line":514,"column":27}},"101":{"start":{"line":528,"column":25},"end":{"line":530,"column":3}},"102":{"start":{"line":529,"column":4},"end":{"line":529,"column":32}},"103":{"start":{"line":532,"column":25},"end":{"line":539,"column":3}},"104":{"start":{"line":533,"column":4},"end":{"line":533,"column":25}},"105":{"start":{"line":534,"column":4},"end":{"line":538,"column":5}},"106":{"start":{"line":535,"column":6},"end":{"line":535,"column":50}},"107":{"start":{"line":537,"column":6},"end":{"line":537,"column":56}},"108":{"start":{"line":541,"column":19},"end":{"line":561,"column":3}},"109":{"start":{"line":563,"column":36},"end":{"line":565,"column":3}},"110":{"start":{"line":564,"column":4},"end":{"line":564,"column":32}},"111":{"start":{"line":567,"column":29},"end":{"line":569,"column":3}},"112":{"start":{"line":568,"column":4},"end":{"line":568,"column":30}},"113":{"start":{"line":571,"column":18},"end":{"line":576,"column":3}},"114":{"start":{"line":572,"column":4},"end":{"line":572,"column":40}},"115":{"start":{"line":573,"column":4},"end":{"line":573,"column":30}},"116":{"start":{"line":574,"column":4},"end":{"line":574,"column":26}},"117":{"start":{"line":575,"column":4},"end":{"line":575,"column":48}},"118":{"start":{"line":578,"column":29},"end":{"line":581,"column":3}},"119":{"start":{"line":579,"column":4},"end":{"line":579,"column":43}},"120":{"start":{"line":580,"column":4},"end":{"line":580,"column":51}},"121":{"start":{"line":583,"column":29},"end":{"line":587,"column":3}},"122":{"start":{"line":584,"column":4},"end":{"line":584,"column":27}},"123":{"start":{"line":585,"column":4},"end":{"line":585,"column":30}},"124":{"start":{"line":586,"column":4},"end":{"line":586,"column":18}},"125":{"start":{"line":589,"column":26},"end":{"line":593,"column":3}},"126":{"start":{"line":590,"column":4},"end":{"line":590,"column":40}},"127":{"start":{"line":591,"column":4},"end":{"line":591,"column":48}},"128":{"start":{"line":592,"column":4},"end":{"line":592,"column":30}},"129":{"start":{"line":595,"column":26},"end":{"line":605,"column":8}},"130":{"start":{"line":602,"column":22},"end":{"line":602,"column":42}},"131":{"start":{"line":607,"column":28},"end":{"line":607,"column":30}},"132":{"start":{"line":608,"column":26},"end":{"line":608,"column":28}},"133":{"start":{"line":609,"column":2},"end":{"line":622,"column":3}},"134":{"start":{"line":610,"column":4},"end":{"line":612,"column":6}},"135":{"start":{"line":611,"column":6},"end":{"line":611,"column":39}},"136":{"start":{"line":613,"column":4},"end":{"line":613,"column":49}},"137":{"start":{"line":614,"column":4},"end":{"line":621,"column":11}},"138":{"start":{"line":616,"column":8},"end":{"line":619,"column":19}},"139":{"start":{"line":624,"column":23},"end":{"line":677,"column":8}},"140":{"start":{"line":672,"column":23},"end":{"line":672,"column":43}},"141":{"start":{"line":679,"column":2},"end":{"line":682,"column":3}},"142":{"start":{"line":680,"column":4},"end":{"line":680,"column":29}},"143":{"start":{"line":681,"column":4},"end":{"line":681,"column":30}},"144":{"start":{"line":684,"column":10},"end":{"line":684,"column":27}},"145":{"start":{"line":685,"column":2},"end":{"line":685,"column":41}},"146":{"start":{"line":687,"column":2},"end":{"line":689,"column":3}},"147":{"start":{"line":688,"column":4},"end":{"line":688,"column":68}},"148":{"start":{"line":688,"column":25},"end":{"line":688,"column":66}},"149":{"start":{"line":690,"column":2},"end":{"line":692,"column":3}},"150":{"start":{"line":691,"column":4},"end":{"line":691,"column":68}},"151":{"start":{"line":691,"column":25},"end":{"line":691,"column":66}},"152":{"start":{"line":694,"column":2},"end":{"line":921,"column":4}},"153":{"start":{"line":732,"column":33},"end":{"line":732,"column":54}},"154":{"start":{"line":750,"column":20},"end":{"line":755,"column":22}},"155":{"start":{"line":793,"column":33},"end":{"line":793,"column":55}},"156":{"start":{"line":874,"column":29},"end":{"line":874,"column":50}},"157":{"start":{"line":883,"column":29},"end":{"line":883,"column":50}},"158":{"start":{"line":887,"column":29},"end":{"line":887,"column":53}},"159":{"start":{"line":897,"column":12},"end":{"line":916,"column":28}}},"fnMap":{"0":{"name":"(anonymous_0)","decl":{"start":{"line":32,"column":29},"end":{"line":32,"column":30}},"loc":{"start":{"line":32,"column":41},"end":{"line":287,"column":1}},"line":32},"1":{"name":"Listings","decl":{"start":{"line":293,"column":9},"end":{"line":293,"column":17}},"loc":{"start":{"line":293,"column":20},"end":{"line":922,"column":1}},"line":293},"2":{"name":"(anonymous_2)","decl":{"start":{"line":333,"column":22},"end":{"line":333,"column":23}},"loc":{"start":{"line":333,"column":28},"end":{"line":365,"column":3}},"line":333},"3":{"name":"(anonymous_3)","decl":{"start":{"line":341,"column":12},"end":{"line":341,"column":13}},"loc":{"start":{"line":341,"column":21},"end":{"line":346,"column":7}},"line":341},"4":{"name":"(anonymous_4)","decl":{"start":{"line":347,"column":12},"end":{"line":347,"column":13}},"loc":{"start":{"line":347,"column":22},"end":{"line":361,"column":7}},"line":347},"5":{"name":"(anonymous_5)","decl":{"start":{"line":349,"column":21},"end":{"line":349,"column":22}},"loc":{"start":{"line":349,"column":30},"end":{"line":359,"column":9}},"line":349},"6":{"name":"(anonymous_6)","decl":{"start":{"line":362,"column":13},"end":{"line":362,"column":14}},"loc":{"start":{"line":362,"column":22},"end":{"line":364,"column":7}},"line":362},"7":{"name":"(anonymous_7)","decl":{"start":{"line":370,"column":24},"end":{"line":370,"column":25}},"loc":{"start":{"line":370,"column":30},"end":{"line":392,"column":3}},"line":370},"8":{"name":"(anonymous_8)","decl":{"start":{"line":378,"column":12},"end":{"line":378,"column":13}},"loc":{"start":{"line":378,"column":21},"end":{"line":383,"column":7}},"line":378},"9":{"name":"(anonymous_9)","decl":{"start":{"line":384,"column":12},"end":{"line":384,"column":13}},"loc":{"start":{"line":384,"column":22},"end":{"line":387,"column":7}},"line":384},"10":{"name":"(anonymous_10)","decl":{"start":{"line":388,"column":13},"end":{"line":388,"column":14}},"loc":{"start":{"line":388,"column":22},"end":{"line":391,"column":7}},"line":388},"11":{"name":"(anonymous_11)","decl":{"start":{"line":395,"column":12},"end":{"line":395,"column":13}},"loc":{"start":{"line":395,"column":16},"end":{"line":398,"column":3}},"line":395},"12":{"name":"(anonymous_12)","decl":{"start":{"line":405,"column":29},"end":{"line":405,"column":30}},"loc":{"start":{"line":405,"column":53},"end":{"line":454,"column":3}},"line":405},"13":{"name":"(anonymous_13)","decl":{"start":{"line":429,"column":12},"end":{"line":429,"column":13}},"loc":{"start":{"line":429,"column":21},"end":{"line":434,"column":7}},"line":429},"14":{"name":"(anonymous_14)","decl":{"start":{"line":435,"column":12},"end":{"line":435,"column":13}},"loc":{"start":{"line":435,"column":22},"end":{"line":449,"column":7}},"line":435},"15":{"name":"(anonymous_15)","decl":{"start":{"line":437,"column":21},"end":{"line":437,"column":22}},"loc":{"start":{"line":437,"column":30},"end":{"line":447,"column":9}},"line":437},"16":{"name":"(anonymous_16)","decl":{"start":{"line":450,"column":13},"end":{"line":450,"column":14}},"loc":{"start":{"line":450,"column":22},"end":{"line":453,"column":7}},"line":450},"17":{"name":"(anonymous_17)","decl":{"start":{"line":456,"column":32},"end":{"line":456,"column":33}},"loc":{"start":{"line":456,"column":59},"end":{"line":497,"column":3}},"line":456},"18":{"name":"(anonymous_18)","decl":{"start":{"line":473,"column":12},"end":{"line":473,"column":13}},"loc":{"start":{"line":473,"column":21},"end":{"line":478,"column":7}},"line":473},"19":{"name":"(anonymous_19)","decl":{"start":{"line":479,"column":12},"end":{"line":479,"column":13}},"loc":{"start":{"line":479,"column":22},"end":{"line":492,"column":7}},"line":479},"20":{"name":"(anonymous_20)","decl":{"start":{"line":481,"column":21},"end":{"line":481,"column":22}},"loc":{"start":{"line":481,"column":30},"end":{"line":490,"column":9}},"line":481},"21":{"name":"(anonymous_21)","decl":{"start":{"line":493,"column":13},"end":{"line":493,"column":14}},"loc":{"start":{"line":493,"column":22},"end":{"line":496,"column":7}},"line":493},"22":{"name":"(anonymous_22)","decl":{"start":{"line":499,"column":23},"end":{"line":499,"column":24}},"loc":{"start":{"line":499,"column":29},"end":{"line":526,"column":3}},"line":499},"23":{"name":"(anonymous_23)","decl":{"start":{"line":528,"column":25},"end":{"line":528,"column":26}},"loc":{"start":{"line":528,"column":34},"end":{"line":530,"column":3}},"line":528},"24":{"name":"(anonymous_24)","decl":{"start":{"line":532,"column":25},"end":{"line":532,"column":26}},"loc":{"start":{"line":532,"column":34},"end":{"line":539,"column":3}},"line":532},"25":{"name":"(anonymous_25)","decl":{"start":{"line":563,"column":36},"end":{"line":563,"column":37}},"loc":{"start":{"line":563,"column":43},"end":{"line":565,"column":3}},"line":563},"26":{"name":"(anonymous_26)","decl":{"start":{"line":567,"column":29},"end":{"line":567,"column":30}},"loc":{"start":{"line":567,"column":36},"end":{"line":569,"column":3}},"line":567},"27":{"name":"(anonymous_27)","decl":{"start":{"line":571,"column":18},"end":{"line":571,"column":19}},"loc":{"start":{"line":571,"column":27},"end":{"line":576,"column":3}},"line":571},"28":{"name":"(anonymous_28)","decl":{"start":{"line":578,"column":29},"end":{"line":578,"column":30}},"loc":{"start":{"line":578,"column":38},"end":{"line":581,"column":3}},"line":578},"29":{"name":"(anonymous_29)","decl":{"start":{"line":583,"column":29},"end":{"line":583,"column":30}},"loc":{"start":{"line":583,"column":35},"end":{"line":587,"column":3}},"line":583},"30":{"name":"(anonymous_30)","decl":{"start":{"line":589,"column":26},"end":{"line":589,"column":27}},"loc":{"start":{"line":589,"column":32},"end":{"line":593,"column":3}},"line":589},"31":{"name":"(anonymous_31)","decl":{"start":{"line":602,"column":15},"end":{"line":602,"column":16}},"loc":{"start":{"line":602,"column":22},"end":{"line":602,"column":42}},"line":602},"32":{"name":"(anonymous_32)","decl":{"start":{"line":610,"column":48},"end":{"line":610,"column":49}},"loc":{"start":{"line":611,"column":6},"end":{"line":611,"column":39}},"line":611},"33":{"name":"(anonymous_33)","decl":{"start":{"line":615,"column":45},"end":{"line":615,"column":46}},"loc":{"start":{"line":615,"column":69},"end":{"line":620,"column":7}},"line":615},"34":{"name":"(anonymous_34)","decl":{"start":{"line":672,"column":17},"end":{"line":672,"column":18}},"loc":{"start":{"line":672,"column":23},"end":{"line":672,"column":43}},"line":672},"35":{"name":"(anonymous_35)","decl":{"start":{"line":688,"column":15},"end":{"line":688,"column":16}},"loc":{"start":{"line":688,"column":25},"end":{"line":688,"column":66}},"line":688},"36":{"name":"(anonymous_36)","decl":{"start":{"line":691,"column":15},"end":{"line":691,"column":16}},"loc":{"start":{"line":691,"column":25},"end":{"line":691,"column":66}},"line":691},"37":{"name":"(anonymous_37)","decl":{"start":{"line":732,"column":27},"end":{"line":732,"column":28}},"loc":{"start":{"line":732,"column":33},"end":{"line":732,"column":54}},"line":732},"38":{"name":"(anonymous_38)","decl":{"start":{"line":749,"column":32},"end":{"line":749,"column":33}},"loc":{"start":{"line":749,"column":62},"end":{"line":756,"column":19}},"line":749},"39":{"name":"(anonymous_39)","decl":{"start":{"line":793,"column":27},"end":{"line":793,"column":28}},"loc":{"start":{"line":793,"column":33},"end":{"line":793,"column":55}},"line":793},"40":{"name":"(anonymous_40)","decl":{"start":{"line":874,"column":23},"end":{"line":874,"column":24}},"loc":{"start":{"line":874,"column":29},"end":{"line":874,"column":50}},"line":874},"41":{"name":"(anonymous_41)","decl":{"start":{"line":883,"column":23},"end":{"line":883,"column":24}},"loc":{"start":{"line":883,"column":29},"end":{"line":883,"column":50}},"line":883},"42":{"name":"(anonymous_42)","decl":{"start":{"line":887,"column":23},"end":{"line":887,"column":24}},"loc":{"start":{"line":887,"column":29},"end":{"line":887,"column":53}},"line":887},"43":{"name":"(anonymous_43)","decl":{"start":{"line":896,"column":17},"end":{"line":896,"column":18}},"loc":{"start":{"line":897,"column":12},"end":{"line":916,"column":28}},"line":897}},"branchMap":{"0":{"loc":{"start":{"line":328,"column":22},"end":{"line":328,"column":50}},"type":"cond-expr","locations":[{"start":{"line":328,"column":29},"end":{"line":328,"column":45}},{"start":{"line":328,"column":48},"end":{"line":328,"column":50}}],"line":328},"1":{"loc":{"start":{"line":342,"column":8},"end":{"line":344,"column":9}},"type":"if","locations":[{"start":{"line":342,"column":8},"end":{"line":344,"column":9}},{"start":{},"end":{}}],"line":342},"2":{"loc":{"start":{"line":367,"column":2},"end":{"line":369,"column":3}},"type":"if","locations":[{"start":{"line":367,"column":2},"end":{"line":369,"column":3}},{"start":{},"end":{}}],"line":367},"3":{"loc":{"start":{"line":379,"column":8},"end":{"line":381,"column":9}},"type":"if","locations":[{"start":{"line":379,"column":8},"end":{"line":381,"column":9}},{"start":{},"end":{}}],"line":379},"4":{"loc":{"start":{"line":401,"column":2},"end":{"line":403,"column":3}},"type":"if","locations":[{"start":{"line":401,"column":2},"end":{"line":403,"column":3}},{"start":{},"end":{}}],"line":401},"5":{"loc":{"start":{"line":407,"column":4},"end":{"line":417,"column":5}},"type":"if","locations":[{"start":{"line":407,"column":4},"end":{"line":417,"column":5}},{"start":{"line":409,"column":11},"end":{"line":417,"column":5}}],"line":407},"6":{"loc":{"start":{"line":409,"column":11},"end":{"line":417,"column":5}},"type":"if","locations":[{"start":{"line":409,"column":11},"end":{"line":417,"column":5}},{"start":{"line":415,"column":11},"end":{"line":417,"column":5}}],"line":409},"7":{"loc":{"start":{"line":410,"column":6},"end":{"line":414,"column":7}},"type":"if","locations":[{"start":{"line":410,"column":6},"end":{"line":414,"column":7}},{"start":{"line":412,"column":13},"end":{"line":414,"column":7}}],"line":410},"8":{"loc":{"start":{"line":419,"column":4},"end":{"line":421,"column":5}},"type":"if","locations":[{"start":{"line":419,"column":4},"end":{"line":421,"column":5}},{"start":{},"end":{}}],"line":419},"9":{"loc":{"start":{"line":419,"column":8},"end":{"line":419,"column":42}},"type":"binary-expr","locations":[{"start":{"line":419,"column":8},"end":{"line":419,"column":23}},{"start":{"line":419,"column":27},"end":{"line":419,"column":42}}],"line":419},"10":{"loc":{"start":{"line":430,"column":8},"end":{"line":432,"column":9}},"type":"if","locations":[{"start":{"line":430,"column":8},"end":{"line":432,"column":9}},{"start":{},"end":{}}],"line":430},"11":{"loc":{"start":{"line":458,"column":4},"end":{"line":464,"column":5}},"type":"if","locations":[{"start":{"line":458,"column":4},"end":{"line":464,"column":5}},{"start":{"line":460,"column":11},"end":{"line":464,"column":5}}],"line":458},"12":{"loc":{"start":{"line":460,"column":11},"end":{"line":464,"column":5}},"type":"if","locations":[{"start":{"line":460,"column":11},"end":{"line":464,"column":5}},{"start":{"line":462,"column":11},"end":{"line":464,"column":5}}],"line":460},"13":{"loc":{"start":{"line":474,"column":8},"end":{"line":476,"column":9}},"type":"if","locations":[{"start":{"line":474,"column":8},"end":{"line":476,"column":9}},{"start":{},"end":{}}],"line":474},"14":{"loc":{"start":{"line":503,"column":4},"end":{"line":505,"column":5}},"type":"if","locations":[{"start":{"line":503,"column":4},"end":{"line":505,"column":5}},{"start":{},"end":{}}],"line":503},"15":{"loc":{"start":{"line":506,"column":4},"end":{"line":508,"column":5}},"type":"if","locations":[{"start":{"line":506,"column":4},"end":{"line":508,"column":5}},{"start":{},"end":{}}],"line":506},"16":{"loc":{"start":{"line":534,"column":4},"end":{"line":538,"column":5}},"type":"if","locations":[{"start":{"line":534,"column":4},"end":{"line":538,"column":5}},{"start":{"line":536,"column":11},"end":{"line":538,"column":5}}],"line":534},"17":{"loc":{"start":{"line":609,"column":2},"end":{"line":622,"column":3}},"type":"if","locations":[{"start":{"line":609,"column":2},"end":{"line":622,"column":3}},{"start":{},"end":{}}],"line":609},"18":{"loc":{"start":{"line":644,"column":6},"end":{"line":651,"column":22}},"type":"cond-expr","locations":[{"start":{"line":644,"column":36},"end":{"line":651,"column":13}},{"start":{"line":651,"column":16},"end":{"line":651,"column":22}}],"line":644},"19":{"loc":{"start":{"line":653,"column":6},"end":{"line":674,"column":15}},"type":"cond-expr","locations":[{"start":{"line":654,"column":6},"end":{"line":664,"column":15}},{"start":{"line":664,"column":18},"end":{"line":674,"column":15}}],"line":653},"20":{"loc":{"start":{"line":676,"column":5},"end":{"line":676,"column":76}},"type":"cond-expr","locations":[{"start":{"line":676,"column":35},"end":{"line":676,"column":41}},{"start":{"line":676,"column":44},"end":{"line":676,"column":76}}],"line":676},"21":{"loc":{"start":{"line":679,"column":2},"end":{"line":682,"column":3}},"type":"if","locations":[{"start":{"line":679,"column":2},"end":{"line":682,"column":3}},{"start":{},"end":{}}],"line":679},"22":{"loc":{"start":{"line":687,"column":2},"end":{"line":689,"column":3}},"type":"if","locations":[{"start":{"line":687,"column":2},"end":{"line":689,"column":3}},{"start":{},"end":{}}],"line":687},"23":{"loc":{"start":{"line":690,"column":2},"end":{"line":692,"column":3}},"type":"if","locations":[{"start":{"line":690,"column":2},"end":{"line":692,"column":3}},{"start":{},"end":{}}],"line":690},"24":{"loc":{"start":{"line":697,"column":9},"end":{"line":698,"column":22}},"type":"cond-expr","locations":[{"start":{"line":697,"column":36},"end":{"line":697,"column":51}},{"start":{"line":698,"column":10},"end":{"line":698,"column":22}}],"line":697},"25":{"loc":{"start":{"line":712,"column":9},"end":{"line":761,"column":16}},"type":"cond-expr","locations":[{"start":{"line":713,"column":10},"end":{"line":760,"column":16}},{"start":{"line":761,"column":10},"end":{"line":761,"column":16}}],"line":712},"26":{"loc":{"start":{"line":763,"column":9},"end":{"line":866,"column":16}},"type":"cond-expr","locations":[{"start":{"line":764,"column":10},"end":{"line":865,"column":16}},{"start":{"line":866,"column":10},"end":{"line":866,"column":16}}],"line":763},"27":{"loc":{"start":{"line":852,"column":20},"end":{"line":860,"column":26}},"type":"cond-expr","locations":[{"start":{"line":853,"column":20},"end":{"line":856,"column":26}},{"start":{"line":857,"column":20},"end":{"line":860,"column":26}}],"line":852},"28":{"loc":{"start":{"line":870,"column":9},"end":{"line":891,"column":17}},"type":"cond-expr","locations":[{"start":{"line":871,"column":10},"end":{"line":880,"column":14}},{"start":{"line":881,"column":11},"end":{"line":891,"column":16}}],"line":870},"29":{"loc":{"start":{"line":870,"column":10},"end":{"line":870,"column":37}},"type":"binary-expr","locations":[{"start":{"line":870,"column":10},"end":{"line":870,"column":26}},{"start":{"line":870,"column":30},"end":{"line":870,"column":37}}],"line":870},"30":{"loc":{"start":{"line":890,"column":13},"end":{"line":890,"column":56}},"type":"cond-expr","locations":[{"start":{"line":890,"column":29},"end":{"line":890,"column":47}},{"start":{"line":890,"column":50},"end":{"line":890,"column":56}}],"line":890}},"s":{"0":1,"1":1,"2":1,"3":3,"4":5,"5":5,"6":5,"7":5,"8":5,"9":5,"10":5,"11":5,"12":5,"13":5,"14":5,"15":5,"16":5,"17":5,"18":5,"19":5,"20":5,"21":5,"22":5,"23":5,"24":5,"25":5,"26":3,"27":0,"28":0,"29":0,"30":0,"31":0,"32":0,"33":0,"34":0,"35":3,"36":5,"37":0,"38":5,"39":3,"40":3,"41":0,"42":3,"43":3,"44":0,"45":0,"46":5,"47":3,"48":3,"49":5,"50":5,"51":0,"52":0,"53":0,"54":0,"55":0,"56":0,"57":0,"58":0,"59":0,"60":0,"61":0,"62":0,"63":0,"64":0,"65":0,"66":0,"67":0,"68":0,"69":0,"70":0,"71":0,"72":0,"73":0,"74":0,"75":0,"76":0,"77":0,"78":0,"79":0,"80":0,"81":0,"82":0,"83":0,"84":0,"85":0,"86":0,"87":0,"88":0,"89":0,"90":0,"91":0,"92":0,"93":0,"94":0,"95":0,"96":0,"97":0,"98":0,"99":0,"100":0,"101":0,"102":0,"103":0,"104":0,"105":0,"106":0,"107":0,"108":0,"109":0,"110":0,"111":0,"112":0,"113":0,"114":0,"115":0,"116":0,"117":0,"118":0,"119":0,"120":0,"121":0,"122":0,"123":0,"124":0,"125":0,"126":0,"127":0,"128":0,"129":0,"130":0,"131":0,"132":0,"133":0,"134":0,"135":0,"136":0,"137":0,"138":0,"139":0,"140":0,"141":0,"142":0,"143":0,"144":0,"145":0,"146":0,"147":0,"148":0,"149":0,"150":0,"151":0,"152":0,"153":0,"154":0,"155":0,"156":0,"157":0,"158":0,"159":0},"f":{"0":3,"1":5,"2":3,"3":0,"4":0,"5":0,"6":3,"7":3,"8":3,"9":3,"10":0,"11":3,"12":0,"13":0,"14":0,"15":0,"16":0,"17":0,"18":0,"19":0,"20":0,"21":0,"22":0,"23":0,"24":0,"25":0,"26":0,"27":0,"28":0,"29":0,"30":0,"31":0,"32":0,"33":0,"34":0,"35":0,"36":0,"37":0,"38":0,"39":0,"40":0,"41":0,"42":0,"43":0},"b":{"0":[0,5],"1":[0,0],"2":[0,5],"3":[0,3],"4":[5,0],"5":[0,0],"6":[0,0],"7":[0,0],"8":[0,0],"9":[0,0],"10":[0,0],"11":[0,0],"12":[0,0],"13":[0,0],"14":[0,0],"15":[0,0],"16":[0,0],"17":[0,0],"18":[0,0],"19":[0,0],"20":[0,0],"21":[0,0],"22":[0,0],"23":[0,0],"24":[0,0],"25":[0,0],"26":[0,0],"27":[0,0],"28":[0,0],"29":[0,0],"30":[0,0]},"_coverageSchema":"1a1c01bbd47fc00a2c39e90264f33305004495a9","hash":"487f9ceacbbd77fded2b250d6db8924283659a33"}
}
