TN:
SF:src\components\home\Listings.js
FN:12,(anonymous_0)
FN:99,Listings
FN:117,(anonymous_2)
FN:125,(anonymous_3)
FN:131,(anonymous_4)
FN:132,(anonymous_5)
FN:137,(anonymous_6)
FN:149,(anonymous_7)
FN:158,(anonymous_8)
FN:162,(anonymous_9)
FN:171,(anonymous_10)
FNF:11
FNH:2
FNDA:1,(anonymous_0)
FNDA:3,Listings
FNDA:0,(anonymous_2)
FNDA:0,(anonymous_3)
FNDA:0,(anonymous_4)
FNDA:0,(anonymous_5)
FNDA:0,(anonymous_6)
FNDA:0,(anonymous_7)
FNDA:0,(anonymous_8)
FNDA:0,(anonymous_9)
FNDA:0,(anonymous_10)
DA:11,1
DA:12,1
DA:100,3
DA:101,2
DA:102,2
DA:103,2
DA:105,2
DA:106,2
DA:108,2
DA:109,2
DA:110,2
DA:111,2
DA:112,2
DA:114,0
DA:115,0
DA:117,0
DA:118,0
DA:126,0
DA:127,0
DA:129,0
DA:132,0
DA:133,0
DA:138,0
DA:139,0
DA:142,0
DA:143,0
DA:149,0
DA:158,0
DA:162,0
DA:172,0
LF:30
LH:13
BRDA:111,0,0,2
BRDA:111,0,1,0
BRDA:115,1,0,0
BRDA:115,1,1,0
BRDA:126,2,0,0
BRDA:126,2,1,0
BRDA:145,3,0,0
BRDA:145,3,1,0
BRDA:165,4,0,0
BRDA:165,4,1,0
BRF:10
BRH:1
end_of_record
