TN:
SF:src/components/App.js
FN:14,App
FN:34,(anonymous_1)
FNF:2
FNH:2
FNDA:2,App
FNDA:1,(anonymous_1)
DA:8,1
DA:15,2
DA:16,2
DA:17,2
DA:18,2
DA:19,2
DA:20,2
DA:21,2
DA:22,2
DA:23,2
DA:24,2
DA:25,2
DA:26,2
DA:27,2
DA:28,2
DA:29,2
DA:30,2
DA:34,2
DA:35,1
DA:38,2
LF:20
LH:20
BRF:0
BRH:0
end_of_record
TN:
SF:src/components/Home.js
FN:11,Home
FNF:1
FNH:1
FNDA:2,Home
DA:12,2
LF:1
LH:1
BRF:0
BRH:0
end_of_record
TN:
SF:src/components/home/Display.js
FN:30,Transition
FN:38,ListingReader
FN:46,(anonymous_2)
FN:49,(anonymous_3)
FN:52,(anonymous_4)
FN:56,(anonymous_5)
FN:64,(anonymous_6)
FN:70,(anonymous_7)
FN:72,(anonymous_8)
FN:84,(anonymous_9)
FN:105,(anonymous_10)
FNF:11
FNH:0
FNDA:0,Transition
FNDA:0,ListingReader
FNDA:0,(anonymous_2)
FNDA:0,(anonymous_3)
FNDA:0,(anonymous_4)
FNDA:0,(anonymous_5)
FNDA:0,(anonymous_6)
FNDA:0,(anonymous_7)
FNDA:0,(anonymous_8)
FNDA:0,(anonymous_9)
FNDA:0,(anonymous_10)
DA:18,1
DA:30,1
DA:31,0
DA:39,0
DA:40,0
DA:41,0
DA:42,0
DA:43,0
DA:44,0
DA:46,0
DA:47,0
DA:49,0
DA:50,0
DA:52,0
DA:53,0
DA:56,0
DA:57,0
DA:65,0
DA:66,0
DA:68,0
DA:71,0
DA:72,0
DA:73,0
DA:80,0
DA:82,0
DA:85,0
DA:88,0
DA:89,0
DA:91,0
DA:92,0
DA:106,0
LF:31
LH:2
BRDA:44,0,0,0
BRDA:44,0,1,0
BRDA:65,1,0,0
BRDA:65,1,1,0
BRDA:88,2,0,0
BRDA:88,2,1,0
BRF:6
BRH:0
end_of_record
TN:
SF:src/components/home/Listings.js
FN:32,(anonymous_0)
FN:293,Listings
FN:330,(anonymous_2)
FN:338,(anonymous_3)
FN:344,(anonymous_4)
FN:346,(anonymous_5)
FN:359,(anonymous_6)
FN:363,(anonymous_7)
FN:371,(anonymous_8)
FN:377,(anonymous_9)
FN:381,(anonymous_10)
FN:387,(anonymous_11)
FN:402,(anonymous_12)
FN:426,(anonymous_13)
FN:432,(anonymous_14)
FN:434,(anonymous_15)
FN:447,(anonymous_16)
FN:453,(anonymous_17)
FN:470,(anonymous_18)
FN:476,(anonymous_19)
FN:478,(anonymous_20)
FN:490,(anonymous_21)
FN:496,(anonymous_22)
FN:536,(anonymous_23)
FN:542,(anonymous_24)
FN:544,(anonymous_25)
FN:557,(anonymous_26)
FN:563,(anonymous_27)
FN:567,(anonymous_28)
FN:598,(anonymous_29)
FN:602,(anonymous_30)
FN:606,(anonymous_31)
FN:613,(anonymous_32)
FN:618,(anonymous_33)
FN:624,(anonymous_34)
FN:637,(anonymous_35)
FN:645,(anonymous_36)
FN:650,(anonymous_37)
FN:707,(anonymous_38)
FN:723,(anonymous_39)
FN:726,(anonymous_40)
FN:767,(anonymous_41)
FN:784,(anonymous_42)
FN:828,(anonymous_43)
FN:909,(anonymous_44)
FN:918,(anonymous_45)
FN:922,(anonymous_46)
FN:931,(anonymous_47)
FNF:48
FNH:5
FNDA:1,(anonymous_0)
FNDA:2,Listings
FNDA:1,(anonymous_2)
FNDA:0,(anonymous_3)
FNDA:0,(anonymous_4)
FNDA:0,(anonymous_5)
FNDA:0,(anonymous_6)
FNDA:1,(anonymous_7)
FNDA:0,(anonymous_8)
FNDA:0,(anonymous_9)
FNDA:0,(anonymous_10)
FNDA:1,(anonymous_11)
FNDA:0,(anonymous_12)
FNDA:0,(anonymous_13)
FNDA:0,(anonymous_14)
FNDA:0,(anonymous_15)
FNDA:0,(anonymous_16)
FNDA:0,(anonymous_17)
FNDA:0,(anonymous_18)
FNDA:0,(anonymous_19)
FNDA:0,(anonymous_20)
FNDA:0,(anonymous_21)
FNDA:0,(anonymous_22)
FNDA:0,(anonymous_23)
FNDA:0,(anonymous_24)
FNDA:0,(anonymous_25)
FNDA:0,(anonymous_26)
FNDA:0,(anonymous_27)
FNDA:0,(anonymous_28)
FNDA:0,(anonymous_29)
FNDA:0,(anonymous_30)
FNDA:0,(anonymous_31)
FNDA:0,(anonymous_32)
FNDA:0,(anonymous_33)
FNDA:0,(anonymous_34)
FNDA:0,(anonymous_35)
FNDA:0,(anonymous_36)
FNDA:0,(anonymous_37)
FNDA:0,(anonymous_38)
FNDA:0,(anonymous_39)
FNDA:0,(anonymous_40)
FNDA:0,(anonymous_41)
FNDA:0,(anonymous_42)
FNDA:0,(anonymous_43)
FNDA:0,(anonymous_44)
FNDA:0,(anonymous_45)
FNDA:0,(anonymous_46)
FNDA:0,(anonymous_47)
DA:30,1
DA:31,1
DA:32,1
DA:294,2
DA:295,2
DA:296,2
DA:309,2
DA:310,2
DA:311,2
DA:312,2
DA:313,2
DA:314,2
DA:315,2
DA:316,2
DA:317,2
DA:318,2
DA:319,2
DA:320,2
DA:323,2
DA:324,2
DA:326,2
DA:327,2
DA:330,2
DA:331,1
DA:339,0
DA:340,0
DA:342,0
DA:345,0
DA:346,0
DA:347,0
DA:355,0
DA:357,0
DA:360,0
DA:363,2
DA:364,1
DA:372,0
DA:373,0
DA:375,0
DA:378,0
DA:382,0
DA:383,0
DA:387,2
DA:388,1
DA:389,1
DA:392,2
DA:393,2
DA:398,0
DA:399,0
DA:402,0
DA:404,0
DA:405,0
DA:406,0
DA:407,0
DA:408,0
DA:410,0
DA:413,0
DA:415,0
DA:416,0
DA:417,0
DA:419,0
DA:427,0
DA:428,0
DA:430,0
DA:433,0
DA:434,0
DA:435,0
DA:443,0
DA:445,0
DA:448,0
DA:449,0
DA:453,0
DA:455,0
DA:456,0
DA:457,0
DA:458,0
DA:460,0
DA:462,0
DA:463,0
DA:471,0
DA:472,0
DA:474,0
DA:477,0
DA:478,0
DA:479,0
DA:486,0
DA:488,0
DA:491,0
DA:492,0
DA:496,0
DA:498,0
DA:499,0
DA:500,0
DA:501,0
DA:503,0
DA:504,0
DA:506,0
DA:510,0
DA:511,0
DA:513,0
DA:514,0
DA:515,0
DA:517,0
DA:518,0
DA:520,0
DA:521,0
DA:523,0
DA:524,0
DA:525,0
DA:526,0
DA:527,0
DA:529,0
DA:537,0
DA:538,0
DA:540,0
DA:543,0
DA:544,0
DA:545,0
DA:553,0
DA:555,0
DA:558,0
DA:559,0
DA:563,0
DA:564,0
DA:567,0
DA:568,0
DA:569,0
DA:570,0
DA:572,0
DA:576,0
DA:598,0
DA:599,0
DA:602,0
DA:603,0
DA:606,0
DA:607,0
DA:608,0
DA:609,0
DA:610,0
DA:613,0
DA:614,0
DA:615,0
DA:618,0
DA:619,0
DA:620,0
DA:621,0
DA:624,0
DA:625,0
DA:626,0
DA:627,0
DA:630,0
DA:637,0
DA:642,0
DA:643,0
DA:644,0
DA:645,0
DA:646,0
DA:648,0
DA:649,0
DA:651,0
DA:659,0
DA:707,0
DA:714,0
DA:715,0
DA:716,0
DA:719,0
DA:720,0
DA:722,0
DA:723,0
DA:725,0
DA:726,0
DA:729,0
DA:767,0
DA:785,0
DA:828,0
DA:909,0
DA:918,0
DA:922,0
DA:932,0
LF:178
LH:31
BRDA:327,0,0,0
BRDA:327,0,1,2
BRDA:339,1,0,0
BRDA:339,1,1,0
BRDA:372,2,0,0
BRDA:372,2,1,0
BRDA:392,3,0,2
BRDA:392,3,1,0
BRDA:398,4,0,0
BRDA:398,4,1,0
BRDA:404,5,0,0
BRDA:404,5,1,0
BRDA:406,6,0,0
BRDA:406,6,1,0
BRDA:407,7,0,0
BRDA:407,7,1,0
BRDA:416,8,0,0
BRDA:416,8,1,0
BRDA:416,9,0,0
BRDA:416,9,1,0
BRDA:427,10,0,0
BRDA:427,10,1,0
BRDA:455,11,0,0
BRDA:455,11,1,0
BRDA:457,12,0,0
BRDA:457,12,1,0
BRDA:471,13,0,0
BRDA:471,13,1,0
BRDA:500,14,0,0
BRDA:500,14,1,0
BRDA:503,15,0,0
BRDA:503,15,1,0
BRDA:514,16,0,0
BRDA:514,16,1,0
BRDA:517,17,0,0
BRDA:517,17,1,0
BRDA:520,18,0,0
BRDA:520,18,1,0
BRDA:526,19,0,0
BRDA:526,19,1,0
BRDA:526,20,0,0
BRDA:526,20,1,0
BRDA:537,21,0,0
BRDA:537,21,1,0
BRDA:569,22,0,0
BRDA:569,22,1,0
BRDA:644,23,0,0
BRDA:644,23,1,0
BRDA:679,24,0,0
BRDA:679,24,1,0
BRDA:688,25,0,0
BRDA:688,25,1,0
BRDA:711,26,0,0
BRDA:711,26,1,0
BRDA:714,27,0,0
BRDA:714,27,1,0
BRDA:722,28,0,0
BRDA:722,28,1,0
BRDA:725,29,0,0
BRDA:725,29,1,0
BRDA:732,30,0,0
BRDA:732,30,1,0
BRDA:747,31,0,0
BRDA:747,31,1,0
BRDA:798,32,0,0
BRDA:798,32,1,0
BRDA:887,33,0,0
BRDA:887,33,1,0
BRDA:905,34,0,0
BRDA:905,34,1,0
BRDA:905,35,0,0
BRDA:905,35,1,0
BRDA:925,36,0,0
BRDA:925,36,1,0
BRF:74
BRH:2
end_of_record
