{"C:\\Users\\paull\\Desktop\\UCSC ClassWork\\CSE 183\\Assignment8\\cse183-dummy-facebook\\Assignment8\\backend\\src\\Listing.js": {"path":"C:\\Users\\paull\\Desktop\\UCSC ClassWork\\CSE 183\\Assignment8\\cse183-dummy-facebook\\Assignment8\\backend\\src\\Listing.js","statementMap":{"0":{"start":{"line":1,"column":11},"end":{"line":1,"column":34}},"1":{"start":{"line":3,"column":0},"end":{"line":6,"column":2}},"2":{"start":{"line":4,"column":15},"end":{"line":4,"column":32}},"3":{"start":{"line":5,"column":2},"end":{"line":5,"column":31}},"4":{"start":{"line":8,"column":0},"end":{"line":11,"column":2}},"5":{"start":{"line":9,"column":17},"end":{"line":9,"column":48}},"6":{"start":{"line":10,"column":4},"end":{"line":10,"column":33}},"7":{"start":{"line":13,"column":0},"end":{"line":17,"column":1}},"8":{"start":{"line":14,"column":15},"end":{"line":15,"column":21}},"9":{"start":{"line":16,"column":2},"end":{"line":16,"column":31}},"10":{"start":{"line":19,"column":0},"end":{"line":23,"column":1}},"11":{"start":{"line":20,"column":15},"end":{"line":21,"column":21}},"12":{"start":{"line":22,"column":2},"end":{"line":22,"column":31}},"13":{"start":{"line":25,"column":0},"end":{"line":37,"column":2}},"14":{"start":{"line":26,"column":17},"end":{"line":31,"column":3}},"15":{"start":{"line":32,"column":2},"end":{"line":36,"column":3}},"16":{"start":{"line":33,"column":4},"end":{"line":33,"column":33}},"17":{"start":{"line":35,"column":4},"end":{"line":35,"column":27}},"18":{"start":{"line":39,"column":0},"end":{"line":51,"column":2}},"19":{"start":{"line":40,"column":17},"end":{"line":45,"column":3}},"20":{"start":{"line":46,"column":2},"end":{"line":50,"column":3}},"21":{"start":{"line":47,"column":4},"end":{"line":47,"column":33}},"22":{"start":{"line":49,"column":4},"end":{"line":49,"column":47}}},"fnMap":{"0":{"name":"(anonymous_0)","decl":{"start":{"line":3,"column":22},"end":{"line":3,"column":23}},"loc":{"start":{"line":3,"column":42},"end":{"line":6,"column":1}},"line":3},"1":{"name":"(anonymous_1)","decl":{"start":{"line":8,"column":25},"end":{"line":8,"column":26}},"loc":{"start":{"line":8,"column":45},"end":{"line":11,"column":1}},"line":8},"2":{"name":"(anonymous_2)","decl":{"start":{"line":13,"column":36},"end":{"line":13,"column":37}},"loc":{"start":{"line":13,"column":56},"end":{"line":17,"column":1}},"line":13},"3":{"name":"(anonymous_3)","decl":{"start":{"line":19,"column":39},"end":{"line":19,"column":40}},"loc":{"start":{"line":19,"column":59},"end":{"line":23,"column":1}},"line":19},"4":{"name":"(anonymous_4)","decl":{"start":{"line":25,"column":31},"end":{"line":25,"column":32}},"loc":{"start":{"line":25,"column":51},"end":{"line":37,"column":1}},"line":25},"5":{"name":"(anonymous_5)","decl":{"start":{"line":39,"column":22},"end":{"line":39,"column":23}},"loc":{"start":{"line":39,"column":42},"end":{"line":51,"column":1}},"line":39}},"branchMap":{"0":{"loc":{"start":{"line":32,"column":2},"end":{"line":36,"column":3}},"type":"if","locations":[{"start":{"line":32,"column":2},"end":{"line":36,"column":3}},{"start":{"line":34,"column":9},"end":{"line":36,"column":3}}],"line":32},"1":{"loc":{"start":{"line":46,"column":2},"end":{"line":50,"column":3}},"type":"if","locations":[{"start":{"line":46,"column":2},"end":{"line":50,"column":3}},{"start":{"line":48,"column":9},"end":{"line":50,"column":3}}],"line":46}},"s":{"0":2,"1":2,"2":1,"3":1,"4":2,"5":1,"6":1,"7":2,"8":4,"9":4,"10":2,"11":3,"12":3,"13":2,"14":5,"15":5,"16":4,"17":1,"18":2,"19":5,"20":5,"21":4,"22":1},"f":{"0":1,"1":1,"2":4,"3":3,"4":5,"5":5},"b":{"0":[4,1],"1":[4,1]},"_coverageSchema":"1a1c01bbd47fc00a2c39e90264f33305004495a9","hash":"dc7708ca334758a71f32d88f668ceea370ca3798"}
,"C:\\Users\\paull\\Desktop\\UCSC ClassWork\\CSE 183\\Assignment8\\cse183-dummy-facebook\\Assignment8\\backend\\src\\ListingCmd.js": {"path":"C:\\Users\\paull\\Desktop\\UCSC ClassWork\\CSE 183\\Assignment8\\cse183-dummy-facebook\\Assignment8\\backend\\src\\ListingCmd.js","statementMap":{"0":{"start":{"line":1,"column":15},"end":{"line":1,"column":28}},"1":{"start":{"line":3,"column":13},"end":{"line":9,"column":2}},"2":{"start":{"line":11,"column":0},"end":{"line":16,"column":2}},"3":{"start":{"line":12,"column":17},"end":{"line":12,"column":65}},"4":{"start":{"line":13,"column":17},"end":{"line":13,"column":41}},"5":{"start":{"line":14,"column":19},"end":{"line":14,"column":23}},"6":{"start":{"line":15,"column":2},"end":{"line":15,"column":18}},"7":{"start":{"line":18,"column":0},"end":{"line":27,"column":2}},"8":{"start":{"line":19,"column":17},"end":{"line":19,"column":54}},"9":{"start":{"line":20,"column":16},"end":{"line":23,"column":3}},"10":{"start":{"line":24,"column":17},"end":{"line":24,"column":40}},"11":{"start":{"line":25,"column":19},"end":{"line":25,"column":23}},"12":{"start":{"line":26,"column":2},"end":{"line":26,"column":18}},"13":{"start":{"line":29,"column":0},"end":{"line":57,"column":2}},"14":{"start":{"line":30,"column":15},"end":{"line":30,"column":63}},"15":{"start":{"line":32,"column":2},"end":{"line":53,"column":3}},"16":{"start":{"line":33,"column":4},"end":{"line":33,"column":55}},"17":{"start":{"line":34,"column":4},"end":{"line":37,"column":6}},"18":{"start":{"line":38,"column":9},"end":{"line":53,"column":3}},"19":{"start":{"line":39,"column":4},"end":{"line":39,"column":51}},"20":{"start":{"line":40,"column":4},"end":{"line":43,"column":6}},"21":{"start":{"line":44,"column":9},"end":{"line":53,"column":3}},"22":{"start":{"line":45,"column":4},"end":{"line":46,"column":41}},"23":{"start":{"line":47,"column":4},"end":{"line":50,"column":6}},"24":{"start":{"line":52,"column":4},"end":{"line":52,"column":19}},"25":{"start":{"line":54,"column":17},"end":{"line":54,"column":40}},"26":{"start":{"line":55,"column":19},"end":{"line":55,"column":23}},"27":{"start":{"line":56,"column":2},"end":{"line":56,"column":18}},"28":{"start":{"line":59,"column":0},"end":{"line":87,"column":2}},"29":{"start":{"line":60,"column":15},"end":{"line":60,"column":59}},"30":{"start":{"line":62,"column":2},"end":{"line":76,"column":3}},"31":{"start":{"line":63,"column":4},"end":{"line":63,"column":19}},"32":{"start":{"line":64,"column":9},"end":{"line":76,"column":3}},"33":{"start":{"line":65,"column":4},"end":{"line":65,"column":51}},"34":{"start":{"line":66,"column":4},"end":{"line":69,"column":6}},"35":{"start":{"line":71,"column":4},"end":{"line":71,"column":51}},"36":{"start":{"line":72,"column":4},"end":{"line":75,"column":6}},"37":{"start":{"line":77,"column":17},"end":{"line":77,"column":40}},"38":{"start":{"line":79,"column":2},"end":{"line":86,"column":3}},"39":{"start":{"line":80,"column":21},"end":{"line":80,"column":25}},"40":{"start":{"line":81,"column":20},"end":{"line":82,"column":69}},"41":{"start":{"line":82,"column":26},"end":{"line":82,"column":68}},"42":{"start":{"line":83,"column":4},"end":{"line":83,"column":19}},"43":{"start":{"line":85,"column":4},"end":{"line":85,"column":16}},"44":{"start":{"line":92,"column":0},"end":{"line":138,"column":2}},"45":{"start":{"line":95,"column":2},"end":{"line":97,"column":3}},"46":{"start":{"line":96,"column":4},"end":{"line":96,"column":21}},"47":{"start":{"line":99,"column":15},"end":{"line":99,"column":73}},"48":{"start":{"line":100,"column":14},"end":{"line":103,"column":3}},"49":{"start":{"line":105,"column":2},"end":{"line":127,"column":3}},"50":{"start":{"line":106,"column":4},"end":{"line":108,"column":63}},"51":{"start":{"line":109,"column":4},"end":{"line":112,"column":6}},"52":{"start":{"line":113,"column":9},"end":{"line":127,"column":3}},"53":{"start":{"line":114,"column":4},"end":{"line":115,"column":63}},"54":{"start":{"line":116,"column":4},"end":{"line":119,"column":6}},"55":{"start":{"line":120,"column":9},"end":{"line":127,"column":3}},"56":{"start":{"line":121,"column":4},"end":{"line":122,"column":63}},"57":{"start":{"line":123,"column":4},"end":{"line":126,"column":6}},"58":{"start":{"line":129,"column":17},"end":{"line":129,"column":40}},"59":{"start":{"line":130,"column":2},"end":{"line":137,"column":3}},"60":{"start":{"line":131,"column":21},"end":{"line":131,"column":25}},"61":{"start":{"line":132,"column":20},"end":{"line":133,"column":69}},"62":{"start":{"line":133,"column":26},"end":{"line":133,"column":68}},"63":{"start":{"line":134,"column":4},"end":{"line":134,"column":19}},"64":{"start":{"line":136,"column":4},"end":{"line":136,"column":16}},"65":{"start":{"line":140,"column":0},"end":{"line":179,"column":2}},"66":{"start":{"line":143,"column":15},"end":{"line":144,"column":39}},"67":{"start":{"line":145,"column":14},"end":{"line":148,"column":3}},"68":{"start":{"line":150,"column":2},"end":{"line":168,"column":3}},"69":{"start":{"line":151,"column":4},"end":{"line":151,"column":52}},"70":{"start":{"line":152,"column":4},"end":{"line":155,"column":6}},"71":{"start":{"line":156,"column":9},"end":{"line":168,"column":3}},"72":{"start":{"line":157,"column":4},"end":{"line":157,"column":49}},"73":{"start":{"line":158,"column":4},"end":{"line":161,"column":6}},"74":{"start":{"line":162,"column":9},"end":{"line":168,"column":3}},"75":{"start":{"line":163,"column":4},"end":{"line":163,"column":80}},"76":{"start":{"line":164,"column":4},"end":{"line":167,"column":6}},"77":{"start":{"line":169,"column":17},"end":{"line":169,"column":40}},"78":{"start":{"line":171,"column":2},"end":{"line":178,"column":3}},"79":{"start":{"line":172,"column":21},"end":{"line":172,"column":25}},"80":{"start":{"line":173,"column":20},"end":{"line":174,"column":69}},"81":{"start":{"line":174,"column":26},"end":{"line":174,"column":68}},"82":{"start":{"line":175,"column":4},"end":{"line":175,"column":19}},"83":{"start":{"line":177,"column":4},"end":{"line":177,"column":16}}},"fnMap":{"0":{"name":"(anonymous_0)","decl":{"start":{"line":11,"column":17},"end":{"line":11,"column":18}},"loc":{"start":{"line":11,"column":29},"end":{"line":16,"column":1}},"line":11},"1":{"name":"(anonymous_1)","decl":{"start":{"line":18,"column":18},"end":{"line":18,"column":19}},"loc":{"start":{"line":18,"column":32},"end":{"line":27,"column":1}},"line":18},"2":{"name":"(anonymous_2)","decl":{"start":{"line":29,"column":41},"end":{"line":29,"column":42}},"loc":{"start":{"line":29,"column":69},"end":{"line":57,"column":1}},"line":29},"3":{"name":"(anonymous_3)","decl":{"start":{"line":59,"column":44},"end":{"line":59,"column":45}},"loc":{"start":{"line":59,"column":75},"end":{"line":87,"column":1}},"line":59},"4":{"name":"(anonymous_4)","decl":{"start":{"line":82,"column":14},"end":{"line":82,"column":15}},"loc":{"start":{"line":82,"column":26},"end":{"line":82,"column":68}},"line":82},"5":{"name":"(anonymous_5)","decl":{"start":{"line":92,"column":29},"end":{"line":92,"column":30}},"loc":{"start":{"line":94,"column":5},"end":{"line":138,"column":1}},"line":94},"6":{"name":"(anonymous_6)","decl":{"start":{"line":133,"column":14},"end":{"line":133,"column":15}},"loc":{"start":{"line":133,"column":26},"end":{"line":133,"column":68}},"line":133},"7":{"name":"(anonymous_7)","decl":{"start":{"line":140,"column":52},"end":{"line":140,"column":53}},"loc":{"start":{"line":142,"column":5},"end":{"line":179,"column":1}},"line":142},"8":{"name":"(anonymous_8)","decl":{"start":{"line":174,"column":14},"end":{"line":174,"column":15}},"loc":{"start":{"line":174,"column":26},"end":{"line":174,"column":68}},"line":174}},"branchMap":{"0":{"loc":{"start":{"line":32,"column":2},"end":{"line":53,"column":3}},"type":"if","locations":[{"start":{"line":32,"column":2},"end":{"line":53,"column":3}},{"start":{"line":38,"column":9},"end":{"line":53,"column":3}}],"line":32},"1":{"loc":{"start":{"line":32,"column":6},"end":{"line":32,"column":52}},"type":"binary-expr","locations":[{"start":{"line":32,"column":6},"end":{"line":32,"column":28}},{"start":{"line":32,"column":32},"end":{"line":32,"column":52}}],"line":32},"2":{"loc":{"start":{"line":38,"column":9},"end":{"line":53,"column":3}},"type":"if","locations":[{"start":{"line":38,"column":9},"end":{"line":53,"column":3}},{"start":{"line":44,"column":9},"end":{"line":53,"column":3}}],"line":38},"3":{"loc":{"start":{"line":38,"column":13},"end":{"line":38,"column":59}},"type":"binary-expr","locations":[{"start":{"line":38,"column":13},"end":{"line":38,"column":35}},{"start":{"line":38,"column":39},"end":{"line":38,"column":59}}],"line":38},"4":{"loc":{"start":{"line":44,"column":9},"end":{"line":53,"column":3}},"type":"if","locations":[{"start":{"line":44,"column":9},"end":{"line":53,"column":3}},{"start":{"line":51,"column":9},"end":{"line":53,"column":3}}],"line":44},"5":{"loc":{"start":{"line":44,"column":13},"end":{"line":44,"column":59}},"type":"binary-expr","locations":[{"start":{"line":44,"column":13},"end":{"line":44,"column":35}},{"start":{"line":44,"column":39},"end":{"line":44,"column":59}}],"line":44},"6":{"loc":{"start":{"line":62,"column":2},"end":{"line":76,"column":3}},"type":"if","locations":[{"start":{"line":62,"column":2},"end":{"line":76,"column":3}},{"start":{"line":64,"column":9},"end":{"line":76,"column":3}}],"line":62},"7":{"loc":{"start":{"line":62,"column":6},"end":{"line":62,"column":55}},"type":"binary-expr","locations":[{"start":{"line":62,"column":6},"end":{"line":62,"column":31}},{"start":{"line":62,"column":35},"end":{"line":62,"column":55}}],"line":62},"8":{"loc":{"start":{"line":64,"column":9},"end":{"line":76,"column":3}},"type":"if","locations":[{"start":{"line":64,"column":9},"end":{"line":76,"column":3}},{"start":{"line":70,"column":9},"end":{"line":76,"column":3}}],"line":64},"9":{"loc":{"start":{"line":64,"column":13},"end":{"line":64,"column":62}},"type":"binary-expr","locations":[{"start":{"line":64,"column":13},"end":{"line":64,"column":38}},{"start":{"line":64,"column":42},"end":{"line":64,"column":62}}],"line":64},"10":{"loc":{"start":{"line":79,"column":2},"end":{"line":86,"column":3}},"type":"if","locations":[{"start":{"line":79,"column":2},"end":{"line":86,"column":3}},{"start":{"line":84,"column":9},"end":{"line":86,"column":3}}],"line":79},"11":{"loc":{"start":{"line":95,"column":2},"end":{"line":97,"column":3}},"type":"if","locations":[{"start":{"line":95,"column":2},"end":{"line":97,"column":3}},{"start":{},"end":{}}],"line":95},"12":{"loc":{"start":{"line":105,"column":2},"end":{"line":127,"column":3}},"type":"if","locations":[{"start":{"line":105,"column":2},"end":{"line":127,"column":3}},{"start":{"line":113,"column":9},"end":{"line":127,"column":3}}],"line":105},"13":{"loc":{"start":{"line":105,"column":6},"end":{"line":105,"column":26}},"type":"binary-expr","locations":[{"start":{"line":105,"column":6},"end":{"line":105,"column":14}},{"start":{"line":105,"column":18},"end":{"line":105,"column":26}}],"line":105},"14":{"loc":{"start":{"line":113,"column":9},"end":{"line":127,"column":3}},"type":"if","locations":[{"start":{"line":113,"column":9},"end":{"line":127,"column":3}},{"start":{"line":120,"column":9},"end":{"line":127,"column":3}}],"line":113},"15":{"loc":{"start":{"line":113,"column":13},"end":{"line":113,"column":47}},"type":"binary-expr","locations":[{"start":{"line":113,"column":13},"end":{"line":113,"column":21}},{"start":{"line":113,"column":25},"end":{"line":113,"column":47}}],"line":113},"16":{"loc":{"start":{"line":120,"column":9},"end":{"line":127,"column":3}},"type":"if","locations":[{"start":{"line":120,"column":9},"end":{"line":127,"column":3}},{"start":{},"end":{}}],"line":120},"17":{"loc":{"start":{"line":120,"column":14},"end":{"line":120,"column":48}},"type":"binary-expr","locations":[{"start":{"line":120,"column":14},"end":{"line":120,"column":36}},{"start":{"line":120,"column":40},"end":{"line":120,"column":48}}],"line":120},"18":{"loc":{"start":{"line":130,"column":2},"end":{"line":137,"column":3}},"type":"if","locations":[{"start":{"line":130,"column":2},"end":{"line":137,"column":3}},{"start":{"line":135,"column":9},"end":{"line":137,"column":3}}],"line":130},"19":{"loc":{"start":{"line":150,"column":2},"end":{"line":168,"column":3}},"type":"if","locations":[{"start":{"line":150,"column":2},"end":{"line":168,"column":3}},{"start":{"line":156,"column":9},"end":{"line":168,"column":3}}],"line":150},"20":{"loc":{"start":{"line":150,"column":6},"end":{"line":150,"column":52}},"type":"binary-expr","locations":[{"start":{"line":150,"column":6},"end":{"line":150,"column":26}},{"start":{"line":150,"column":30},"end":{"line":150,"column":52}}],"line":150},"21":{"loc":{"start":{"line":156,"column":9},"end":{"line":168,"column":3}},"type":"if","locations":[{"start":{"line":156,"column":9},"end":{"line":168,"column":3}},{"start":{"line":162,"column":9},"end":{"line":168,"column":3}}],"line":156},"22":{"loc":{"start":{"line":156,"column":13},"end":{"line":156,"column":59}},"type":"binary-expr","locations":[{"start":{"line":156,"column":13},"end":{"line":156,"column":33}},{"start":{"line":156,"column":37},"end":{"line":156,"column":59}}],"line":156},"23":{"loc":{"start":{"line":162,"column":9},"end":{"line":168,"column":3}},"type":"if","locations":[{"start":{"line":162,"column":9},"end":{"line":168,"column":3}},{"start":{},"end":{}}],"line":162},"24":{"loc":{"start":{"line":162,"column":13},"end":{"line":162,"column":59}},"type":"binary-expr","locations":[{"start":{"line":162,"column":13},"end":{"line":162,"column":33}},{"start":{"line":162,"column":37},"end":{"line":162,"column":59}}],"line":162},"25":{"loc":{"start":{"line":171,"column":2},"end":{"line":178,"column":3}},"type":"if","locations":[{"start":{"line":171,"column":2},"end":{"line":178,"column":3}},{"start":{"line":176,"column":9},"end":{"line":178,"column":3}}],"line":171}},"s":{"0":2,"1":2,"2":2,"3":1,"4":1,"5":1,"6":1,"7":2,"8":1,"9":1,"10":1,"11":1,"12":1,"13":2,"14":4,"15":4,"16":1,"17":1,"18":3,"19":1,"20":1,"21":2,"22":1,"23":1,"24":1,"25":4,"26":4,"27":4,"28":2,"29":3,"30":3,"31":1,"32":2,"33":1,"34":1,"35":1,"36":1,"37":3,"38":3,"39":2,"40":2,"41":74,"42":2,"43":1,"44":2,"45":5,"46":1,"47":4,"48":4,"49":4,"50":2,"51":2,"52":2,"53":1,"54":1,"55":1,"56":1,"57":1,"58":4,"59":4,"60":3,"61":3,"62":5,"63":3,"64":1,"65":2,"66":5,"67":5,"68":5,"69":1,"70":1,"71":4,"72":1,"73":1,"74":3,"75":1,"76":1,"77":5,"78":5,"79":2,"80":2,"81":3,"82":2,"83":3},"f":{"0":1,"1":1,"2":4,"3":3,"4":74,"5":5,"6":5,"7":5,"8":3},"b":{"0":[1,3],"1":[4,2],"2":[1,2],"3":[3,2],"4":[1,1],"5":[2,1],"6":[1,2],"7":[3,2],"8":[1,1],"9":[2,1],"10":[2,1],"11":[1,4],"12":[2,2],"13":[4,3],"14":[1,1],"15":[2,1],"16":[1,0],"17":[1,1],"18":[3,1],"19":[1,4],"20":[5,3],"21":[1,3],"22":[4,2],"23":[1,2],"24":[3,1],"25":[2,3]},"_coverageSchema":"1a1c01bbd47fc00a2c39e90264f33305004495a9","hash":"de55a2a9337471f6c3d2281a23206460598dbfe0"}
,"C:\\Users\\paull\\Desktop\\UCSC ClassWork\\CSE 183\\Assignment8\\cse183-dummy-facebook\\Assignment8\\backend\\src\\Person.js": {"path":"C:\\Users\\paull\\Desktop\\UCSC ClassWork\\CSE 183\\Assignment8\\cse183-dummy-facebook\\Assignment8\\backend\\src\\Person.js","statementMap":{"0":{"start":{"line":2,"column":15},"end":{"line":2,"column":32}},"1":{"start":{"line":5,"column":11},"end":{"line":5,"column":32}},"2":{"start":{"line":15,"column":0},"end":{"line":30,"column":2}},"3":{"start":{"line":16,"column":56},"end":{"line":16,"column":64}},"4":{"start":{"line":18,"column":24},"end":{"line":18,"column":54}},"5":{"start":{"line":19,"column":15},"end":{"line":26,"column":3}},"6":{"start":{"line":27,"column":2},"end":{"line":27,"column":31}},"7":{"start":{"line":28,"column":2},"end":{"line":28,"column":29}}},"fnMap":{"0":{"name":"(anonymous_0)","decl":{"start":{"line":15,"column":21},"end":{"line":15,"column":22}},"loc":{"start":{"line":15,"column":41},"end":{"line":30,"column":1}},"line":15}},"branchMap":{},"s":{"0":2,"1":2,"2":2,"3":1,"4":1,"5":1,"6":1,"7":1},"f":{"0":1},"b":{},"_coverageSchema":"1a1c01bbd47fc00a2c39e90264f33305004495a9","hash":"71fed8cbb710f459f7d3e9140ee76f100c1d4bcc"}
,"C:\\Users\\paull\\Desktop\\UCSC ClassWork\\CSE 183\\Assignment8\\cse183-dummy-facebook\\Assignment8\\backend\\src\\Replies.js": {"path":"C:\\Users\\paull\\Desktop\\UCSC ClassWork\\CSE 183\\Assignment8\\cse183-dummy-facebook\\Assignment8\\backend\\src\\Replies.js","statementMap":{"0":{"start":{"line":1,"column":11},"end":{"line":1,"column":34}},"1":{"start":{"line":3,"column":0},"end":{"line":8,"column":2}},"2":{"start":{"line":4,"column":15},"end":{"line":4,"column":53}},"3":{"start":{"line":6,"column":2},"end":{"line":6,"column":31}}},"fnMap":{"0":{"name":"(anonymous_0)","decl":{"start":{"line":3,"column":21},"end":{"line":3,"column":22}},"loc":{"start":{"line":3,"column":41},"end":{"line":8,"column":1}},"line":3}},"branchMap":{},"s":{"0":2,"1":2,"2":1,"3":1},"f":{"0":1},"b":{},"_coverageSchema":"1a1c01bbd47fc00a2c39e90264f33305004495a9","hash":"f787304e447541ad640933524a7a9cc1dd0dcda6"}
,"C:\\Users\\paull\\Desktop\\UCSC ClassWork\\CSE 183\\Assignment8\\cse183-dummy-facebook\\Assignment8\\backend\\src\\RepliesCmd.js": {"path":"C:\\Users\\paull\\Desktop\\UCSC ClassWork\\CSE 183\\Assignment8\\cse183-dummy-facebook\\Assignment8\\backend\\src\\RepliesCmd.js","statementMap":{"0":{"start":{"line":1,"column":17},"end":{"line":1,"column":30}},"1":{"start":{"line":3,"column":13},"end":{"line":9,"column":2}},"2":{"start":{"line":12,"column":0},"end":{"line":21,"column":1}},"3":{"start":{"line":13,"column":17},"end":{"line":13,"column":140}},"4":{"start":{"line":14,"column":18},"end":{"line":17,"column":7}},"5":{"start":{"line":18,"column":19},"end":{"line":18,"column":42}},"6":{"start":{"line":19,"column":19},"end":{"line":19,"column":23}},"7":{"start":{"line":20,"column":2},"end":{"line":20,"column":18}}},"fnMap":{"0":{"name":"(anonymous_0)","decl":{"start":{"line":12,"column":25},"end":{"line":12,"column":26}},"loc":{"start":{"line":12,"column":39},"end":{"line":21,"column":1}},"line":12}},"branchMap":{},"s":{"0":2,"1":2,"2":2,"3":1,"4":1,"5":1,"6":1,"7":1},"f":{"0":1},"b":{},"_coverageSchema":"1a1c01bbd47fc00a2c39e90264f33305004495a9","hash":"80a2b349678b3cb162c636991119ed14d6bf22de"}
,"C:\\Users\\paull\\Desktop\\UCSC ClassWork\\CSE 183\\Assignment8\\cse183-dummy-facebook\\Assignment8\\backend\\src\\app.js": {"path":"C:\\Users\\paull\\Desktop\\UCSC ClassWork\\CSE 183\\Assignment8\\cse183-dummy-facebook\\Assignment8\\backend\\src\\app.js","statementMap":{"0":{"start":{"line":1,"column":16},"end":{"line":1,"column":34}},"1":{"start":{"line":2,"column":13},"end":{"line":2,"column":28}},"2":{"start":{"line":3,"column":13},"end":{"line":3,"column":31}},"3":{"start":{"line":4,"column":18},"end":{"line":4,"column":47}},"4":{"start":{"line":5,"column":11},"end":{"line":5,"column":24}},"5":{"start":{"line":6,"column":13},"end":{"line":6,"column":28}},"6":{"start":{"line":7,"column":25},"end":{"line":7,"column":61}},"7":{"start":{"line":9,"column":14},"end":{"line":9,"column":32}},"8":{"start":{"line":10,"column":13},"end":{"line":10,"column":30}},"9":{"start":{"line":11,"column":15},"end":{"line":11,"column":34}},"10":{"start":{"line":12,"column":17},"end":{"line":12,"column":44}},"11":{"start":{"line":13,"column":16},"end":{"line":13,"column":36}},"12":{"start":{"line":14,"column":14},"end":{"line":14,"column":34}},"13":{"start":{"line":16,"column":12},"end":{"line":16,"column":21}},"14":{"start":{"line":17,"column":0},"end":{"line":17,"column":16}},"15":{"start":{"line":18,"column":0},"end":{"line":18,"column":24}},"16":{"start":{"line":19,"column":0},"end":{"line":19,"column":47}},"17":{"start":{"line":21,"column":16},"end":{"line":21,"column":59}},"18":{"start":{"line":23,"column":15},"end":{"line":23,"column":58}},"19":{"start":{"line":24,"column":0},"end":{"line":24,"column":66}},"20":{"start":{"line":25,"column":0},"end":{"line":25,"column":45}},"21":{"start":{"line":26,"column":0},"end":{"line":26,"column":31}},"22":{"start":{"line":28,"column":0},"end":{"line":34,"column":2}},"23":{"start":{"line":36,"column":0},"end":{"line":36,"column":46}},"24":{"start":{"line":37,"column":0},"end":{"line":37,"column":32}},"25":{"start":{"line":38,"column":0},"end":{"line":38,"column":56}},"26":{"start":{"line":39,"column":0},"end":{"line":39,"column":51}},"27":{"start":{"line":40,"column":0},"end":{"line":40,"column":45}},"28":{"start":{"line":41,"column":0},"end":{"line":41,"column":61}},"29":{"start":{"line":42,"column":0},"end":{"line":42,"column":72}},"30":{"start":{"line":43,"column":0},"end":{"line":43,"column":69}},"31":{"start":{"line":44,"column":0},"end":{"line":44,"column":75}},"32":{"start":{"line":45,"column":0},"end":{"line":45,"column":57}},"33":{"start":{"line":47,"column":0},"end":{"line":53,"column":3}},"34":{"start":{"line":48,"column":2},"end":{"line":52,"column":5}},"35":{"start":{"line":55,"column":0},"end":{"line":55,"column":21}}},"fnMap":{"0":{"name":"(anonymous_0)","decl":{"start":{"line":47,"column":8},"end":{"line":47,"column":9}},"loc":{"start":{"line":47,"column":33},"end":{"line":53,"column":1}},"line":47}},"branchMap":{},"s":{"0":2,"1":2,"2":2,"3":2,"4":2,"5":2,"6":2,"7":2,"8":2,"9":2,"10":2,"11":2,"12":2,"13":2,"14":2,"15":2,"16":2,"17":2,"18":2,"19":2,"20":2,"21":2,"22":2,"23":2,"24":2,"25":2,"26":2,"27":2,"28":2,"29":2,"30":2,"31":2,"32":2,"33":2,"34":3,"35":2},"f":{"0":3},"b":{},"_coverageSchema":"1a1c01bbd47fc00a2c39e90264f33305004495a9","hash":"eb1e9d7ce95a4d4ba816a0217440211a32f43de9"}
,"C:\\Users\\paull\\Desktop\\UCSC ClassWork\\CSE 183\\Assignment8\\cse183-dummy-facebook\\Assignment8\\backend\\src\\auth.js": {"path":"C:\\Users\\paull\\Desktop\\UCSC ClassWork\\CSE 183\\Assignment8\\cse183-dummy-facebook\\Assignment8\\backend\\src\\auth.js","statementMap":{"0":{"start":{"line":1,"column":12},"end":{"line":1,"column":35}},"1":{"start":{"line":2,"column":15},"end":{"line":2,"column":32}},"2":{"start":{"line":5,"column":16},"end":{"line":5,"column":42}},"3":{"start":{"line":7,"column":11},"end":{"line":7,"column":32}},"4":{"start":{"line":17,"column":0},"end":{"line":43,"column":2}},"5":{"start":{"line":18,"column":28},"end":{"line":18,"column":36}},"6":{"start":{"line":19,"column":16},"end":{"line":19,"column":39}},"7":{"start":{"line":21,"column":15},"end":{"line":24,"column":4}},"8":{"start":{"line":22,"column":4},"end":{"line":23,"column":56}},"9":{"start":{"line":26,"column":2},"end":{"line":42,"column":3}},"10":{"start":{"line":27,"column":24},"end":{"line":32,"column":8}},"11":{"start":{"line":33,"column":4},"end":{"line":33,"column":29}},"12":{"start":{"line":34,"column":4},"end":{"line":39,"column":9}},"13":{"start":{"line":41,"column":4},"end":{"line":41,"column":59}},"14":{"start":{"line":45,"column":0},"end":{"line":59,"column":2}},"15":{"start":{"line":46,"column":21},"end":{"line":46,"column":46}},"16":{"start":{"line":47,"column":2},"end":{"line":58,"column":3}},"17":{"start":{"line":48,"column":18},"end":{"line":48,"column":42}},"18":{"start":{"line":49,"column":4},"end":{"line":55,"column":7}},"19":{"start":{"line":50,"column":6},"end":{"line":52,"column":7}},"20":{"start":{"line":51,"column":8},"end":{"line":51,"column":35}},"21":{"start":{"line":53,"column":6},"end":{"line":53,"column":22}},"22":{"start":{"line":54,"column":6},"end":{"line":54,"column":13}},"23":{"start":{"line":57,"column":4},"end":{"line":57,"column":24}}},"fnMap":{"0":{"name":"(anonymous_0)","decl":{"start":{"line":17,"column":23},"end":{"line":17,"column":24}},"loc":{"start":{"line":17,"column":43},"end":{"line":43,"column":1}},"line":17},"1":{"name":"(anonymous_1)","decl":{"start":{"line":21,"column":26},"end":{"line":21,"column":27}},"loc":{"start":{"line":21,"column":36},"end":{"line":24,"column":3}},"line":21},"2":{"name":"(anonymous_2)","decl":{"start":{"line":45,"column":16},"end":{"line":45,"column":17}},"loc":{"start":{"line":45,"column":36},"end":{"line":59,"column":1}},"line":45},"3":{"name":"(anonymous_3)","decl":{"start":{"line":49,"column":43},"end":{"line":49,"column":44}},"loc":{"start":{"line":49,"column":58},"end":{"line":55,"column":5}},"line":49}},"branchMap":{"0":{"loc":{"start":{"line":22,"column":11},"end":{"line":23,"column":55}},"type":"binary-expr","locations":[{"start":{"line":22,"column":11},"end":{"line":22,"column":39}},{"start":{"line":23,"column":4},"end":{"line":23,"column":55}}],"line":22},"1":{"loc":{"start":{"line":26,"column":2},"end":{"line":42,"column":3}},"type":"if","locations":[{"start":{"line":26,"column":2},"end":{"line":42,"column":3}},{"start":{"line":40,"column":9},"end":{"line":42,"column":3}}],"line":26},"2":{"loc":{"start":{"line":47,"column":2},"end":{"line":58,"column":3}},"type":"if","locations":[{"start":{"line":47,"column":2},"end":{"line":58,"column":3}},{"start":{"line":56,"column":9},"end":{"line":58,"column":3}}],"line":47},"3":{"loc":{"start":{"line":50,"column":6},"end":{"line":52,"column":7}},"type":"if","locations":[{"start":{"line":50,"column":6},"end":{"line":52,"column":7}},{"start":{},"end":{}}],"line":50}},"s":{"0":2,"1":2,"2":2,"3":2,"4":2,"5":2,"6":2,"7":2,"8":5,"9":2,"10":1,"11":1,"12":1,"13":1,"14":2,"15":21,"16":21,"17":20,"18":20,"19":20,"20":1,"21":19,"22":19,"23":1},"f":{"0":2,"1":5,"2":21,"3":20},"b":{"0":[5,2],"1":[1,1],"2":[20,1],"3":[1,19]},"_coverageSchema":"1a1c01bbd47fc00a2c39e90264f33305004495a9","hash":"0b698bcea11fb9c960a98ca7a3e4c47424a6ad08"}
,"C:\\Users\\paull\\Desktop\\UCSC ClassWork\\CSE 183\\Assignment8\\cse183-dummy-facebook\\Assignment8\\backend\\src\\categoryDB.js": {"path":"C:\\Users\\paull\\Desktop\\UCSC ClassWork\\CSE 183\\Assignment8\\cse183-dummy-facebook\\Assignment8\\backend\\src\\categoryDB.js","statementMap":{"0":{"start":{"line":1,"column":15},"end":{"line":1,"column":28}},"1":{"start":{"line":3,"column":13},"end":{"line":9,"column":2}},"2":{"start":{"line":14,"column":0},"end":{"line":22,"column":2}},"3":{"start":{"line":15,"column":17},"end":{"line":15,"column":41}},"4":{"start":{"line":16,"column":17},"end":{"line":16,"column":41}},"5":{"start":{"line":17,"column":21},"end":{"line":17,"column":23}},"6":{"start":{"line":18,"column":2},"end":{"line":20,"column":3}},"7":{"start":{"line":19,"column":4},"end":{"line":19,"column":25}},"8":{"start":{"line":21,"column":2},"end":{"line":21,"column":20}}},"fnMap":{"0":{"name":"(anonymous_0)","decl":{"start":{"line":14,"column":25},"end":{"line":14,"column":26}},"loc":{"start":{"line":14,"column":37},"end":{"line":22,"column":1}},"line":14}},"branchMap":{},"s":{"0":2,"1":2,"2":2,"3":1,"4":1,"5":1,"6":1,"7":19,"8":1},"f":{"0":1},"b":{},"_coverageSchema":"1a1c01bbd47fc00a2c39e90264f33305004495a9","hash":"7ee412346bda03e03a71e75b914fe373f17b8f67"}
,"C:\\Users\\paull\\Desktop\\UCSC ClassWork\\CSE 183\\Assignment8\\cse183-dummy-facebook\\Assignment8\\backend\\src\\categoryFilter.js": {"path":"C:\\Users\\paull\\Desktop\\UCSC ClassWork\\CSE 183\\Assignment8\\cse183-dummy-facebook\\Assignment8\\backend\\src\\categoryFilter.js","statementMap":{"0":{"start":{"line":1,"column":11},"end":{"line":1,"column":37}},"1":{"start":{"line":6,"column":0},"end":{"line":22,"column":2}},"2":{"start":{"line":7,"column":17},"end":{"line":7,"column":42}},"3":{"start":{"line":8,"column":19},"end":{"line":8,"column":21}},"4":{"start":{"line":10,"column":2},"end":{"line":18,"column":5}},"5":{"start":{"line":11,"column":4},"end":{"line":17,"column":6}},"6":{"start":{"line":20,"column":2},"end":{"line":20,"column":35}}},"fnMap":{"0":{"name":"(anonymous_0)","decl":{"start":{"line":6,"column":25},"end":{"line":6,"column":26}},"loc":{"start":{"line":6,"column":45},"end":{"line":22,"column":1}},"line":6},"1":{"name":"(anonymous_1)","decl":{"start":{"line":10,"column":15},"end":{"line":10,"column":16}},"loc":{"start":{"line":10,"column":24},"end":{"line":18,"column":3}},"line":10}},"branchMap":{},"s":{"0":2,"1":2,"2":1,"3":1,"4":1,"5":19,"6":1},"f":{"0":1,"1":19},"b":{},"_coverageSchema":"1a1c01bbd47fc00a2c39e90264f33305004495a9","hash":"5b676a54dbc798d8b61de4c626e9ade6e6922861"}
,"C:\\Users\\paull\\Desktop\\UCSC ClassWork\\CSE 183\\Assignment8\\cse183-dummy-facebook\\Assignment8\\backend\\src\\dummy.js": {"path":"C:\\Users\\paull\\Desktop\\UCSC ClassWork\\CSE 183\\Assignment8\\cse183-dummy-facebook\\Assignment8\\backend\\src\\dummy.js","statementMap":{"0":{"start":{"line":1,"column":15},"end":{"line":1,"column":28}},"1":{"start":{"line":3,"column":13},"end":{"line":9,"column":2}},"2":{"start":{"line":11,"column":20},"end":{"line":19,"column":1}},"3":{"start":{"line":12,"column":17},"end":{"line":12,"column":38}},"4":{"start":{"line":13,"column":16},"end":{"line":16,"column":3}},"5":{"start":{"line":17,"column":17},"end":{"line":17,"column":40}},"6":{"start":{"line":18,"column":2},"end":{"line":18,"column":25}},"7":{"start":{"line":21,"column":0},"end":{"line":25,"column":2}},"8":{"start":{"line":22,"column":2},"end":{"line":24,"column":52}}},"fnMap":{"0":{"name":"(anonymous_0)","decl":{"start":{"line":11,"column":20},"end":{"line":11,"column":21}},"loc":{"start":{"line":11,"column":32},"end":{"line":19,"column":1}},"line":11},"1":{"name":"(anonymous_1)","decl":{"start":{"line":21,"column":14},"end":{"line":21,"column":15}},"loc":{"start":{"line":21,"column":34},"end":{"line":25,"column":1}},"line":21}},"branchMap":{},"s":{"0":2,"1":2,"2":2,"3":1,"4":1,"5":1,"6":1,"7":2,"8":1},"f":{"0":1,"1":1},"b":{},"_coverageSchema":"1a1c01bbd47fc00a2c39e90264f33305004495a9","hash":"fc164e22f6cd8963b9450789677281e62c84b097"}
,"C:\\Users\\paull\\Desktop\\UCSC ClassWork\\CSE 183\\Assignment8\\cse183-dummy-facebook\\Assignment8\\backend\\src\\users.js": {"path":"C:\\Users\\paull\\Desktop\\UCSC ClassWork\\CSE 183\\Assignment8\\cse183-dummy-facebook\\Assignment8\\backend\\src\\users.js","statementMap":{"0":{"start":{"line":1,"column":15},"end":{"line":1,"column":28}},"1":{"start":{"line":3,"column":13},"end":{"line":9,"column":2}},"2":{"start":{"line":11,"column":0},"end":{"line":20,"column":2}},"3":{"start":{"line":12,"column":17},"end":{"line":12,"column":42}},"4":{"start":{"line":13,"column":16},"end":{"line":16,"column":3}},"5":{"start":{"line":17,"column":17},"end":{"line":17,"column":40}},"6":{"start":{"line":18,"column":16},"end":{"line":18,"column":20}},"7":{"start":{"line":19,"column":2},"end":{"line":19,"column":15}},"8":{"start":{"line":22,"column":0},"end":{"line":29,"column":2}},"9":{"start":{"line":23,"column":17},"end":{"line":23,"column":56}},"10":{"start":{"line":24,"column":16},"end":{"line":27,"column":3}},"11":{"start":{"line":28,"column":2},"end":{"line":28,"column":26}}},"fnMap":{"0":{"name":"(anonymous_0)","decl":{"start":{"line":11,"column":23},"end":{"line":11,"column":24}},"loc":{"start":{"line":11,"column":35},"end":{"line":20,"column":1}},"line":11},"1":{"name":"(anonymous_1)","decl":{"start":{"line":22,"column":24},"end":{"line":22,"column":25}},"loc":{"start":{"line":22,"column":40},"end":{"line":29,"column":1}},"line":22}},"branchMap":{},"s":{"0":2,"1":2,"2":2,"3":2,"4":2,"5":2,"6":2,"7":2,"8":2,"9":1,"10":1,"11":1},"f":{"0":2,"1":1},"b":{},"_coverageSchema":"1a1c01bbd47fc00a2c39e90264f33305004495a9","hash":"eec2b88f29e60a3348d6f3275cf98c60945a44c1"}
,"C:\\Users\\paull\\Desktop\\UCSC ClassWork\\CSE 183\\Assignment8\\cse183-dummy-facebook\\Assignment8\\backend\\src\\__tests__\\db.js": {"path":"C:\\Users\\paull\\Desktop\\UCSC ClassWork\\CSE 183\\Assignment8\\cse183-dummy-facebook\\Assignment8\\backend\\src\\__tests__\\db.js","statementMap":{"0":{"start":{"line":5,"column":11},"end":{"line":5,"column":24}},"1":{"start":{"line":6,"column":15},"end":{"line":6,"column":28}},"2":{"start":{"line":8,"column":0},"end":{"line":8,"column":27}},"3":{"start":{"line":9,"column":0},"end":{"line":9,"column":31}},"4":{"start":{"line":11,"column":13},"end":{"line":17,"column":2}},"5":{"start":{"line":19,"column":12},"end":{"line":25,"column":1}},"6":{"start":{"line":20,"column":18},"end":{"line":20,"column":47}},"7":{"start":{"line":21,"column":21},"end":{"line":21,"column":43}},"8":{"start":{"line":22,"column":2},"end":{"line":24,"column":3}},"9":{"start":{"line":23,"column":4},"end":{"line":23,"column":32}},"10":{"start":{"line":27,"column":0},"end":{"line":31,"column":2}},"11":{"start":{"line":28,"column":2},"end":{"line":28,"column":30}},"12":{"start":{"line":29,"column":2},"end":{"line":29,"column":28}},"13":{"start":{"line":30,"column":2},"end":{"line":30,"column":31}}},"fnMap":{"0":{"name":"(anonymous_0)","decl":{"start":{"line":19,"column":12},"end":{"line":19,"column":13}},"loc":{"start":{"line":19,"column":28},"end":{"line":25,"column":1}},"line":19},"1":{"name":"(anonymous_1)","decl":{"start":{"line":27,"column":16},"end":{"line":27,"column":17}},"loc":{"start":{"line":27,"column":28},"end":{"line":31,"column":1}},"line":27}},"branchMap":{},"s":{"0":2,"1":2,"2":2,"3":2,"4":2,"5":2,"6":6,"7":6,"8":6,"9":260,"10":2,"11":2,"12":2,"13":2},"f":{"0":6,"1":2},"b":{},"_coverageSchema":"1a1c01bbd47fc00a2c39e90264f33305004495a9","hash":"3066360134e8dd41b4135c94732ce2fe3c06e8c5"}
}
