{"C:\\Users\\paull\\Desktop\\UCSC ClassWork\\CSE 183\\Assignment8\\cse183-dummy-facebook\\Assignment8\\backend\\src\\Listing.js": {"path":"C:\\Users\\paull\\Desktop\\UCSC ClassWork\\CSE 183\\Assignment8\\cse183-dummy-facebook\\Assignment8\\backend\\src\\Listing.js","statementMap":{"0":{"start":{"line":1,"column":11},"end":{"line":1,"column":34}},"1":{"start":{"line":3,"column":0},"end":{"line":6,"column":2}},"2":{"start":{"line":4,"column":15},"end":{"line":4,"column":32}},"3":{"start":{"line":5,"column":2},"end":{"line":5,"column":31}},"4":{"start":{"line":8,"column":0},"end":{"line":11,"column":2}},"5":{"start":{"line":9,"column":17},"end":{"line":9,"column":48}},"6":{"start":{"line":10,"column":4},"end":{"line":10,"column":33}},"7":{"start":{"line":13,"column":0},"end":{"line":17,"column":1}},"8":{"start":{"line":14,"column":15},"end":{"line":15,"column":21}},"9":{"start":{"line":16,"column":2},"end":{"line":16,"column":31}},"10":{"start":{"line":19,"column":0},"end":{"line":23,"column":1}},"11":{"start":{"line":20,"column":15},"end":{"line":21,"column":21}},"12":{"start":{"line":22,"column":2},"end":{"line":22,"column":31}},"13":{"start":{"line":25,"column":0},"end":{"line":37,"column":2}},"14":{"start":{"line":26,"column":15},"end":{"line":31,"column":3}},"15":{"start":{"line":32,"column":2},"end":{"line":36,"column":3}},"16":{"start":{"line":33,"column":4},"end":{"line":33,"column":33}},"17":{"start":{"line":35,"column":4},"end":{"line":35,"column":27}},"18":{"start":{"line":39,"column":0},"end":{"line":51,"column":2}},"19":{"start":{"line":40,"column":15},"end":{"line":45,"column":3}},"20":{"start":{"line":46,"column":2},"end":{"line":50,"column":3}},"21":{"start":{"line":47,"column":4},"end":{"line":47,"column":33}},"22":{"start":{"line":49,"column":4},"end":{"line":49,"column":27}}},"fnMap":{"0":{"name":"(anonymous_0)","decl":{"start":{"line":3,"column":22},"end":{"line":3,"column":23}},"loc":{"start":{"line":3,"column":42},"end":{"line":6,"column":1}},"line":3},"1":{"name":"(anonymous_1)","decl":{"start":{"line":8,"column":25},"end":{"line":8,"column":26}},"loc":{"start":{"line":8,"column":45},"end":{"line":11,"column":1}},"line":8},"2":{"name":"(anonymous_2)","decl":{"start":{"line":13,"column":36},"end":{"line":13,"column":37}},"loc":{"start":{"line":13,"column":56},"end":{"line":17,"column":1}},"line":13},"3":{"name":"(anonymous_3)","decl":{"start":{"line":19,"column":39},"end":{"line":19,"column":40}},"loc":{"start":{"line":19,"column":59},"end":{"line":23,"column":1}},"line":19},"4":{"name":"(anonymous_4)","decl":{"start":{"line":25,"column":31},"end":{"line":25,"column":32}},"loc":{"start":{"line":25,"column":51},"end":{"line":37,"column":1}},"line":25},"5":{"name":"(anonymous_5)","decl":{"start":{"line":39,"column":22},"end":{"line":39,"column":23}},"loc":{"start":{"line":39,"column":42},"end":{"line":51,"column":1}},"line":39}},"branchMap":{"0":{"loc":{"start":{"line":32,"column":2},"end":{"line":36,"column":3}},"type":"if","locations":[{"start":{"line":32,"column":2},"end":{"line":36,"column":3}},{"start":{"line":34,"column":9},"end":{"line":36,"column":3}}],"line":32},"1":{"loc":{"start":{"line":46,"column":2},"end":{"line":50,"column":3}},"type":"if","locations":[{"start":{"line":46,"column":2},"end":{"line":50,"column":3}},{"start":{"line":48,"column":9},"end":{"line":50,"column":3}}],"line":46}},"s":{"0":1,"1":1,"2":1,"3":1,"4":1,"5":1,"6":1,"7":1,"8":4,"9":4,"10":1,"11":3,"12":3,"13":1,"14":6,"15":6,"16":5,"17":1,"18":1,"19":5,"20":5,"21":4,"22":1},"f":{"0":1,"1":1,"2":4,"3":3,"4":6,"5":5},"b":{"0":[5,1],"1":[4,1]},"_coverageSchema":"1a1c01bbd47fc00a2c39e90264f33305004495a9","hash":"adaee21c5a19e2f6d3dfaff85b7920135427c960"}
,"C:\\Users\\paull\\Desktop\\UCSC ClassWork\\CSE 183\\Assignment8\\cse183-dummy-facebook\\Assignment8\\backend\\src\\ListingCmd.js": {"path":"C:\\Users\\paull\\Desktop\\UCSC ClassWork\\CSE 183\\Assignment8\\cse183-dummy-facebook\\Assignment8\\backend\\src\\ListingCmd.js","statementMap":{"0":{"start":{"line":1,"column":17},"end":{"line":1,"column":30}},"1":{"start":{"line":3,"column":13},"end":{"line":9,"column":2}},"2":{"start":{"line":11,"column":0},"end":{"line":16,"column":1}},"3":{"start":{"line":12,"column":15},"end":{"line":12,"column":63}},"4":{"start":{"line":13,"column":19},"end":{"line":13,"column":43}},"5":{"start":{"line":14,"column":19},"end":{"line":14,"column":23}},"6":{"start":{"line":15,"column":2},"end":{"line":15,"column":18}},"7":{"start":{"line":18,"column":0},"end":{"line":27,"column":1}},"8":{"start":{"line":19,"column":17},"end":{"line":19,"column":54}},"9":{"start":{"line":20,"column":18},"end":{"line":23,"column":7}},"10":{"start":{"line":24,"column":19},"end":{"line":24,"column":42}},"11":{"start":{"line":25,"column":19},"end":{"line":25,"column":23}},"12":{"start":{"line":26,"column":2},"end":{"line":26,"column":18}},"13":{"start":{"line":29,"column":0},"end":{"line":58,"column":1}},"14":{"start":{"line":30,"column":15},"end":{"line":30,"column":59}},"15":{"start":{"line":32,"column":2},"end":{"line":54,"column":3}},"16":{"start":{"line":33,"column":4},"end":{"line":33,"column":53}},"17":{"start":{"line":34,"column":4},"end":{"line":37,"column":6}},"18":{"start":{"line":39,"column":7},"end":{"line":54,"column":3}},"19":{"start":{"line":40,"column":4},"end":{"line":40,"column":49}},"20":{"start":{"line":41,"column":4},"end":{"line":44,"column":6}},"21":{"start":{"line":46,"column":7},"end":{"line":54,"column":3}},"22":{"start":{"line":47,"column":4},"end":{"line":47,"column":83}},"23":{"start":{"line":48,"column":4},"end":{"line":51,"column":6}},"24":{"start":{"line":53,"column":4},"end":{"line":53,"column":19}},"25":{"start":{"line":55,"column":19},"end":{"line":55,"column":42}},"26":{"start":{"line":56,"column":19},"end":{"line":56,"column":23}},"27":{"start":{"line":57,"column":2},"end":{"line":57,"column":18}},"28":{"start":{"line":60,"column":0},"end":{"line":91,"column":1}},"29":{"start":{"line":61,"column":15},"end":{"line":61,"column":38}},"30":{"start":{"line":63,"column":2},"end":{"line":79,"column":3}},"31":{"start":{"line":64,"column":4},"end":{"line":64,"column":19}},"32":{"start":{"line":66,"column":7},"end":{"line":79,"column":3}},"33":{"start":{"line":67,"column":4},"end":{"line":67,"column":49}},"34":{"start":{"line":68,"column":4},"end":{"line":71,"column":6}},"35":{"start":{"line":74,"column":4},"end":{"line":74,"column":49}},"36":{"start":{"line":75,"column":4},"end":{"line":78,"column":6}},"37":{"start":{"line":80,"column":19},"end":{"line":80,"column":42}},"38":{"start":{"line":82,"column":2},"end":{"line":89,"column":3}},"39":{"start":{"line":83,"column":19},"end":{"line":83,"column":23}},"40":{"start":{"line":84,"column":18},"end":{"line":84,"column":89}},"41":{"start":{"line":84,"column":46},"end":{"line":84,"column":88}},"42":{"start":{"line":85,"column":4},"end":{"line":85,"column":19}},"43":{"start":{"line":88,"column":4},"end":{"line":88,"column":16}},"44":{"start":{"line":94,"column":0},"end":{"line":138,"column":2}},"45":{"start":{"line":95,"column":2},"end":{"line":97,"column":3}},"46":{"start":{"line":96,"column":4},"end":{"line":96,"column":21}},"47":{"start":{"line":99,"column":15},"end":{"line":99,"column":73}},"48":{"start":{"line":100,"column":14},"end":{"line":103,"column":3}},"49":{"start":{"line":105,"column":2},"end":{"line":127,"column":3}},"50":{"start":{"line":106,"column":4},"end":{"line":108,"column":63}},"51":{"start":{"line":109,"column":4},"end":{"line":112,"column":6}},"52":{"start":{"line":113,"column":9},"end":{"line":127,"column":3}},"53":{"start":{"line":114,"column":4},"end":{"line":115,"column":63}},"54":{"start":{"line":116,"column":4},"end":{"line":119,"column":6}},"55":{"start":{"line":120,"column":9},"end":{"line":127,"column":3}},"56":{"start":{"line":121,"column":4},"end":{"line":122,"column":63}},"57":{"start":{"line":123,"column":4},"end":{"line":126,"column":6}},"58":{"start":{"line":129,"column":17},"end":{"line":129,"column":40}},"59":{"start":{"line":130,"column":2},"end":{"line":137,"column":3}},"60":{"start":{"line":131,"column":19},"end":{"line":131,"column":23}},"61":{"start":{"line":132,"column":18},"end":{"line":132,"column":89}},"62":{"start":{"line":132,"column":46},"end":{"line":132,"column":88}},"63":{"start":{"line":133,"column":4},"end":{"line":133,"column":19}},"64":{"start":{"line":136,"column":4},"end":{"line":136,"column":16}},"65":{"start":{"line":140,"column":0},"end":{"line":180,"column":1}},"66":{"start":{"line":142,"column":15},"end":{"line":142,"column":94}},"67":{"start":{"line":143,"column":14},"end":{"line":146,"column":3}},"68":{"start":{"line":148,"column":2},"end":{"line":168,"column":3}},"69":{"start":{"line":149,"column":6},"end":{"line":149,"column":52}},"70":{"start":{"line":150,"column":6},"end":{"line":153,"column":8}},"71":{"start":{"line":155,"column":7},"end":{"line":168,"column":3}},"72":{"start":{"line":156,"column":4},"end":{"line":156,"column":47}},"73":{"start":{"line":157,"column":4},"end":{"line":160,"column":6}},"74":{"start":{"line":162,"column":7},"end":{"line":168,"column":3}},"75":{"start":{"line":163,"column":4},"end":{"line":163,"column":80}},"76":{"start":{"line":164,"column":4},"end":{"line":167,"column":6}},"77":{"start":{"line":169,"column":19},"end":{"line":169,"column":42}},"78":{"start":{"line":171,"column":2},"end":{"line":178,"column":3}},"79":{"start":{"line":172,"column":19},"end":{"line":172,"column":23}},"80":{"start":{"line":173,"column":18},"end":{"line":173,"column":89}},"81":{"start":{"line":173,"column":46},"end":{"line":173,"column":88}},"82":{"start":{"line":174,"column":4},"end":{"line":174,"column":19}},"83":{"start":{"line":177,"column":4},"end":{"line":177,"column":16}}},"fnMap":{"0":{"name":"(anonymous_0)","decl":{"start":{"line":11,"column":17},"end":{"line":11,"column":18}},"loc":{"start":{"line":11,"column":29},"end":{"line":16,"column":1}},"line":11},"1":{"name":"(anonymous_1)","decl":{"start":{"line":18,"column":18},"end":{"line":18,"column":19}},"loc":{"start":{"line":18,"column":32},"end":{"line":27,"column":1}},"line":18},"2":{"name":"(anonymous_2)","decl":{"start":{"line":29,"column":41},"end":{"line":29,"column":42}},"loc":{"start":{"line":29,"column":69},"end":{"line":58,"column":1}},"line":29},"3":{"name":"(anonymous_3)","decl":{"start":{"line":60,"column":44},"end":{"line":60,"column":45}},"loc":{"start":{"line":60,"column":75},"end":{"line":91,"column":1}},"line":60},"4":{"name":"(anonymous_4)","decl":{"start":{"line":84,"column":34},"end":{"line":84,"column":35}},"loc":{"start":{"line":84,"column":46},"end":{"line":84,"column":88}},"line":84},"5":{"name":"(anonymous_5)","decl":{"start":{"line":94,"column":29},"end":{"line":94,"column":30}},"loc":{"start":{"line":94,"column":82},"end":{"line":138,"column":1}},"line":94},"6":{"name":"(anonymous_6)","decl":{"start":{"line":132,"column":34},"end":{"line":132,"column":35}},"loc":{"start":{"line":132,"column":46},"end":{"line":132,"column":88}},"line":132},"7":{"name":"(anonymous_7)","decl":{"start":{"line":140,"column":52},"end":{"line":140,"column":53}},"loc":{"start":{"line":141,"column":36},"end":{"line":180,"column":1}},"line":141},"8":{"name":"(anonymous_8)","decl":{"start":{"line":173,"column":34},"end":{"line":173,"column":35}},"loc":{"start":{"line":173,"column":46},"end":{"line":173,"column":88}},"line":173}},"branchMap":{"0":{"loc":{"start":{"line":32,"column":2},"end":{"line":54,"column":3}},"type":"if","locations":[{"start":{"line":32,"column":2},"end":{"line":54,"column":3}},{"start":{"line":39,"column":7},"end":{"line":54,"column":3}}],"line":32},"1":{"loc":{"start":{"line":32,"column":6},"end":{"line":32,"column":52}},"type":"binary-expr","locations":[{"start":{"line":32,"column":6},"end":{"line":32,"column":28}},{"start":{"line":32,"column":32},"end":{"line":32,"column":52}}],"line":32},"2":{"loc":{"start":{"line":39,"column":7},"end":{"line":54,"column":3}},"type":"if","locations":[{"start":{"line":39,"column":7},"end":{"line":54,"column":3}},{"start":{"line":46,"column":7},"end":{"line":54,"column":3}}],"line":39},"3":{"loc":{"start":{"line":39,"column":11},"end":{"line":39,"column":57}},"type":"binary-expr","locations":[{"start":{"line":39,"column":11},"end":{"line":39,"column":33}},{"start":{"line":39,"column":37},"end":{"line":39,"column":57}}],"line":39},"4":{"loc":{"start":{"line":46,"column":7},"end":{"line":54,"column":3}},"type":"if","locations":[{"start":{"line":46,"column":7},"end":{"line":54,"column":3}},{"start":{"line":52,"column":9},"end":{"line":54,"column":3}}],"line":46},"5":{"loc":{"start":{"line":46,"column":11},"end":{"line":46,"column":57}},"type":"binary-expr","locations":[{"start":{"line":46,"column":11},"end":{"line":46,"column":33}},{"start":{"line":46,"column":37},"end":{"line":46,"column":57}}],"line":46},"6":{"loc":{"start":{"line":63,"column":2},"end":{"line":79,"column":3}},"type":"if","locations":[{"start":{"line":63,"column":2},"end":{"line":79,"column":3}},{"start":{"line":66,"column":7},"end":{"line":79,"column":3}}],"line":63},"7":{"loc":{"start":{"line":63,"column":6},"end":{"line":63,"column":55}},"type":"binary-expr","locations":[{"start":{"line":63,"column":6},"end":{"line":63,"column":31}},{"start":{"line":63,"column":35},"end":{"line":63,"column":55}}],"line":63},"8":{"loc":{"start":{"line":66,"column":7},"end":{"line":79,"column":3}},"type":"if","locations":[{"start":{"line":66,"column":7},"end":{"line":79,"column":3}},{"start":{"line":73,"column":7},"end":{"line":79,"column":3}}],"line":66},"9":{"loc":{"start":{"line":66,"column":11},"end":{"line":66,"column":60}},"type":"binary-expr","locations":[{"start":{"line":66,"column":11},"end":{"line":66,"column":36}},{"start":{"line":66,"column":40},"end":{"line":66,"column":60}}],"line":66},"10":{"loc":{"start":{"line":82,"column":2},"end":{"line":89,"column":3}},"type":"if","locations":[{"start":{"line":82,"column":2},"end":{"line":89,"column":3}},{"start":{"line":87,"column":7},"end":{"line":89,"column":3}}],"line":82},"11":{"loc":{"start":{"line":95,"column":2},"end":{"line":97,"column":3}},"type":"if","locations":[{"start":{"line":95,"column":2},"end":{"line":97,"column":3}},{"start":{},"end":{}}],"line":95},"12":{"loc":{"start":{"line":105,"column":2},"end":{"line":127,"column":3}},"type":"if","locations":[{"start":{"line":105,"column":2},"end":{"line":127,"column":3}},{"start":{"line":113,"column":9},"end":{"line":127,"column":3}}],"line":105},"13":{"loc":{"start":{"line":105,"column":6},"end":{"line":105,"column":26}},"type":"binary-expr","locations":[{"start":{"line":105,"column":6},"end":{"line":105,"column":14}},{"start":{"line":105,"column":18},"end":{"line":105,"column":26}}],"line":105},"14":{"loc":{"start":{"line":113,"column":9},"end":{"line":127,"column":3}},"type":"if","locations":[{"start":{"line":113,"column":9},"end":{"line":127,"column":3}},{"start":{"line":120,"column":9},"end":{"line":127,"column":3}}],"line":113},"15":{"loc":{"start":{"line":113,"column":13},"end":{"line":113,"column":47}},"type":"binary-expr","locations":[{"start":{"line":113,"column":13},"end":{"line":113,"column":21}},{"start":{"line":113,"column":25},"end":{"line":113,"column":47}}],"line":113},"16":{"loc":{"start":{"line":120,"column":9},"end":{"line":127,"column":3}},"type":"if","locations":[{"start":{"line":120,"column":9},"end":{"line":127,"column":3}},{"start":{},"end":{}}],"line":120},"17":{"loc":{"start":{"line":120,"column":14},"end":{"line":120,"column":48}},"type":"binary-expr","locations":[{"start":{"line":120,"column":14},"end":{"line":120,"column":36}},{"start":{"line":120,"column":40},"end":{"line":120,"column":48}}],"line":120},"18":{"loc":{"start":{"line":130,"column":2},"end":{"line":137,"column":3}},"type":"if","locations":[{"start":{"line":130,"column":2},"end":{"line":137,"column":3}},{"start":{"line":135,"column":7},"end":{"line":137,"column":3}}],"line":130},"19":{"loc":{"start":{"line":148,"column":2},"end":{"line":168,"column":3}},"type":"if","locations":[{"start":{"line":148,"column":2},"end":{"line":168,"column":3}},{"start":{"line":155,"column":7},"end":{"line":168,"column":3}}],"line":148},"20":{"loc":{"start":{"line":148,"column":6},"end":{"line":148,"column":52}},"type":"binary-expr","locations":[{"start":{"line":148,"column":6},"end":{"line":148,"column":26}},{"start":{"line":148,"column":30},"end":{"line":148,"column":52}}],"line":148},"21":{"loc":{"start":{"line":155,"column":7},"end":{"line":168,"column":3}},"type":"if","locations":[{"start":{"line":155,"column":7},"end":{"line":168,"column":3}},{"start":{"line":162,"column":7},"end":{"line":168,"column":3}}],"line":155},"22":{"loc":{"start":{"line":155,"column":11},"end":{"line":155,"column":57}},"type":"binary-expr","locations":[{"start":{"line":155,"column":11},"end":{"line":155,"column":31}},{"start":{"line":155,"column":35},"end":{"line":155,"column":57}}],"line":155},"23":{"loc":{"start":{"line":162,"column":7},"end":{"line":168,"column":3}},"type":"if","locations":[{"start":{"line":162,"column":7},"end":{"line":168,"column":3}},{"start":{},"end":{}}],"line":162},"24":{"loc":{"start":{"line":162,"column":11},"end":{"line":162,"column":57}},"type":"binary-expr","locations":[{"start":{"line":162,"column":11},"end":{"line":162,"column":31}},{"start":{"line":162,"column":35},"end":{"line":162,"column":57}}],"line":162},"25":{"loc":{"start":{"line":171,"column":2},"end":{"line":178,"column":3}},"type":"if","locations":[{"start":{"line":171,"column":2},"end":{"line":178,"column":3}},{"start":{"line":176,"column":7},"end":{"line":178,"column":3}}],"line":171}},"s":{"0":1,"1":1,"2":1,"3":1,"4":1,"5":1,"6":1,"7":1,"8":1,"9":1,"10":1,"11":1,"12":1,"13":1,"14":4,"15":4,"16":1,"17":1,"18":3,"19":1,"20":1,"21":2,"22":1,"23":1,"24":1,"25":4,"26":4,"27":4,"28":1,"29":3,"30":3,"31":1,"32":2,"33":1,"34":1,"35":1,"36":1,"37":3,"38":3,"39":2,"40":2,"41":74,"42":2,"43":1,"44":1,"45":6,"46":1,"47":5,"48":5,"49":5,"50":1,"51":1,"52":4,"53":1,"54":1,"55":3,"56":3,"57":3,"58":5,"59":5,"60":3,"61":3,"62":5,"63":3,"64":2,"65":1,"66":5,"67":5,"68":5,"69":1,"70":1,"71":4,"72":1,"73":1,"74":3,"75":1,"76":1,"77":5,"78":5,"79":2,"80":2,"81":3,"82":2,"83":3},"f":{"0":1,"1":1,"2":4,"3":3,"4":74,"5":6,"6":5,"7":5,"8":3},"b":{"0":[1,3],"1":[4,2],"2":[1,2],"3":[3,2],"4":[1,1],"5":[2,1],"6":[1,2],"7":[3,2],"8":[1,1],"9":[2,1],"10":[2,1],"11":[1,5],"12":[1,4],"13":[5,2],"14":[1,3],"15":[4,1],"16":[3,0],"17":[3,3],"18":[3,2],"19":[1,4],"20":[5,3],"21":[1,3],"22":[4,2],"23":[1,2],"24":[3,1],"25":[2,3]},"_coverageSchema":"1a1c01bbd47fc00a2c39e90264f33305004495a9","hash":"5de8262c37f33831688ff3f89f964fb651a29d2c"}
,"C:\\Users\\paull\\Desktop\\UCSC ClassWork\\CSE 183\\Assignment8\\cse183-dummy-facebook\\Assignment8\\backend\\src\\Person.js": {"path":"C:\\Users\\paull\\Desktop\\UCSC ClassWork\\CSE 183\\Assignment8\\cse183-dummy-facebook\\Assignment8\\backend\\src\\Person.js","statementMap":{"0":{"start":{"line":2,"column":15},"end":{"line":2,"column":32}},"1":{"start":{"line":3,"column":17},"end":{"line":3,"column":30}},"2":{"start":{"line":5,"column":11},"end":{"line":5,"column":32}},"3":{"start":{"line":7,"column":13},"end":{"line":13,"column":2}},"4":{"start":{"line":15,"column":0},"end":{"line":33,"column":2}},"5":{"start":{"line":16,"column":56},"end":{"line":16,"column":64}},"6":{"start":{"line":17,"column":2},"end":{"line":32,"column":3}},"7":{"start":{"line":18,"column":6},"end":{"line":18,"column":22}},"8":{"start":{"line":21,"column":26},"end":{"line":21,"column":56}},"9":{"start":{"line":22,"column":17},"end":{"line":29,"column":5}},"10":{"start":{"line":30,"column":4},"end":{"line":30,"column":33}},"11":{"start":{"line":31,"column":4},"end":{"line":31,"column":31}}},"fnMap":{"0":{"name":"(anonymous_0)","decl":{"start":{"line":15,"column":21},"end":{"line":15,"column":22}},"loc":{"start":{"line":15,"column":41},"end":{"line":33,"column":1}},"line":15}},"branchMap":{"0":{"loc":{"start":{"line":17,"column":2},"end":{"line":32,"column":3}},"type":"if","locations":[{"start":{"line":17,"column":2},"end":{"line":32,"column":3}},{"start":{"line":20,"column":6},"end":{"line":32,"column":3}}],"line":17},"1":{"loc":{"start":{"line":17,"column":5},"end":{"line":17,"column":61}},"type":"binary-expr","locations":[{"start":{"line":17,"column":5},"end":{"line":17,"column":15}},{"start":{"line":17,"column":19},"end":{"line":17,"column":28}},{"start":{"line":17,"column":32},"end":{"line":17,"column":38}},{"start":{"line":17,"column":42},"end":{"line":17,"column":48}},{"start":{"line":17,"column":52},"end":{"line":17,"column":61}}],"line":17}},"s":{"0":1,"1":1,"2":1,"3":1,"4":1,"5":2,"6":2,"7":1,"8":1,"9":1,"10":1,"11":1},"f":{"0":2},"b":{"0":[1,1],"1":[2,1,1,1,1]},"_coverageSchema":"1a1c01bbd47fc00a2c39e90264f33305004495a9","hash":"014576488e2944337835d1c390f578d8d5f1b07b"}
,"C:\\Users\\paull\\Desktop\\UCSC ClassWork\\CSE 183\\Assignment8\\cse183-dummy-facebook\\Assignment8\\backend\\src\\app.js": {"path":"C:\\Users\\paull\\Desktop\\UCSC ClassWork\\CSE 183\\Assignment8\\cse183-dummy-facebook\\Assignment8\\backend\\src\\app.js","statementMap":{"0":{"start":{"line":1,"column":16},"end":{"line":1,"column":34}},"1":{"start":{"line":2,"column":13},"end":{"line":2,"column":28}},"2":{"start":{"line":3,"column":13},"end":{"line":3,"column":31}},"3":{"start":{"line":4,"column":18},"end":{"line":4,"column":47}},"4":{"start":{"line":5,"column":11},"end":{"line":5,"column":24}},"5":{"start":{"line":6,"column":13},"end":{"line":6,"column":28}},"6":{"start":{"line":7,"column":25},"end":{"line":7,"column":61}},"7":{"start":{"line":9,"column":13},"end":{"line":9,"column":30}},"8":{"start":{"line":10,"column":15},"end":{"line":10,"column":34}},"9":{"start":{"line":11,"column":17},"end":{"line":11,"column":44}},"10":{"start":{"line":12,"column":16},"end":{"line":12,"column":36}},"11":{"start":{"line":14,"column":12},"end":{"line":14,"column":21}},"12":{"start":{"line":15,"column":0},"end":{"line":15,"column":16}},"13":{"start":{"line":16,"column":0},"end":{"line":16,"column":24}},"14":{"start":{"line":17,"column":0},"end":{"line":17,"column":47}},"15":{"start":{"line":19,"column":16},"end":{"line":19,"column":59}},"16":{"start":{"line":21,"column":15},"end":{"line":21,"column":58}},"17":{"start":{"line":22,"column":0},"end":{"line":22,"column":66}},"18":{"start":{"line":23,"column":0},"end":{"line":23,"column":45}},"19":{"start":{"line":24,"column":0},"end":{"line":24,"column":31}},"20":{"start":{"line":26,"column":0},"end":{"line":32,"column":2}},"21":{"start":{"line":34,"column":0},"end":{"line":34,"column":46}},"22":{"start":{"line":35,"column":0},"end":{"line":35,"column":56}},"23":{"start":{"line":36,"column":0},"end":{"line":36,"column":51}},"24":{"start":{"line":37,"column":0},"end":{"line":37,"column":61}},"25":{"start":{"line":38,"column":0},"end":{"line":38,"column":72}},"26":{"start":{"line":39,"column":0},"end":{"line":39,"column":69}},"27":{"start":{"line":40,"column":0},"end":{"line":40,"column":75}},"28":{"start":{"line":41,"column":0},"end":{"line":41,"column":57}},"29":{"start":{"line":43,"column":0},"end":{"line":49,"column":3}},"30":{"start":{"line":44,"column":2},"end":{"line":48,"column":5}},"31":{"start":{"line":51,"column":0},"end":{"line":51,"column":21}}},"fnMap":{"0":{"name":"(anonymous_0)","decl":{"start":{"line":43,"column":8},"end":{"line":43,"column":9}},"loc":{"start":{"line":43,"column":33},"end":{"line":49,"column":1}},"line":43}},"branchMap":{},"s":{"0":1,"1":1,"2":1,"3":1,"4":1,"5":1,"6":1,"7":1,"8":1,"9":1,"10":1,"11":1,"12":1,"13":1,"14":1,"15":1,"16":1,"17":1,"18":1,"19":1,"20":1,"21":1,"22":1,"23":1,"24":1,"25":1,"26":1,"27":1,"28":1,"29":1,"30":1,"31":1},"f":{"0":1},"b":{},"_coverageSchema":"1a1c01bbd47fc00a2c39e90264f33305004495a9","hash":"d5d6f3190098b8268a3ada3eaa9a0330fc48d186"}
,"C:\\Users\\paull\\Desktop\\UCSC ClassWork\\CSE 183\\Assignment8\\cse183-dummy-facebook\\Assignment8\\backend\\src\\auth.js": {"path":"C:\\Users\\paull\\Desktop\\UCSC ClassWork\\CSE 183\\Assignment8\\cse183-dummy-facebook\\Assignment8\\backend\\src\\auth.js","statementMap":{"0":{"start":{"line":1,"column":12},"end":{"line":1,"column":35}},"1":{"start":{"line":2,"column":15},"end":{"line":2,"column":32}},"2":{"start":{"line":3,"column":17},"end":{"line":3,"column":30}},"3":{"start":{"line":5,"column":16},"end":{"line":5,"column":42}},"4":{"start":{"line":7,"column":11},"end":{"line":7,"column":32}},"5":{"start":{"line":9,"column":13},"end":{"line":15,"column":2}},"6":{"start":{"line":17,"column":0},"end":{"line":38,"column":2}},"7":{"start":{"line":18,"column":28},"end":{"line":18,"column":36}},"8":{"start":{"line":19,"column":14},"end":{"line":19,"column":37}},"9":{"start":{"line":21,"column":15},"end":{"line":24,"column":4}},"10":{"start":{"line":22,"column":4},"end":{"line":23,"column":56}},"11":{"start":{"line":26,"column":2},"end":{"line":37,"column":3}},"12":{"start":{"line":27,"column":24},"end":{"line":32,"column":8}},"13":{"start":{"line":33,"column":4},"end":{"line":33,"column":29}},"14":{"start":{"line":34,"column":4},"end":{"line":34,"column":121}},"15":{"start":{"line":36,"column":4},"end":{"line":36,"column":59}},"16":{"start":{"line":40,"column":0},"end":{"line":54,"column":2}},"17":{"start":{"line":41,"column":21},"end":{"line":41,"column":46}},"18":{"start":{"line":42,"column":2},"end":{"line":53,"column":3}},"19":{"start":{"line":43,"column":18},"end":{"line":43,"column":42}},"20":{"start":{"line":44,"column":4},"end":{"line":50,"column":7}},"21":{"start":{"line":45,"column":6},"end":{"line":47,"column":7}},"22":{"start":{"line":46,"column":8},"end":{"line":46,"column":35}},"23":{"start":{"line":48,"column":6},"end":{"line":48,"column":22}},"24":{"start":{"line":49,"column":6},"end":{"line":49,"column":13}},"25":{"start":{"line":52,"column":4},"end":{"line":52,"column":24}}},"fnMap":{"0":{"name":"(anonymous_0)","decl":{"start":{"line":17,"column":23},"end":{"line":17,"column":24}},"loc":{"start":{"line":17,"column":43},"end":{"line":38,"column":1}},"line":17},"1":{"name":"(anonymous_1)","decl":{"start":{"line":21,"column":26},"end":{"line":21,"column":27}},"loc":{"start":{"line":21,"column":36},"end":{"line":24,"column":3}},"line":21},"2":{"name":"(anonymous_2)","decl":{"start":{"line":40,"column":16},"end":{"line":40,"column":17}},"loc":{"start":{"line":40,"column":36},"end":{"line":54,"column":1}},"line":40},"3":{"name":"(anonymous_3)","decl":{"start":{"line":44,"column":43},"end":{"line":44,"column":44}},"loc":{"start":{"line":44,"column":58},"end":{"line":50,"column":5}},"line":44}},"branchMap":{"0":{"loc":{"start":{"line":22,"column":11},"end":{"line":23,"column":55}},"type":"binary-expr","locations":[{"start":{"line":22,"column":11},"end":{"line":22,"column":39}},{"start":{"line":23,"column":4},"end":{"line":23,"column":55}}],"line":22},"1":{"loc":{"start":{"line":26,"column":2},"end":{"line":37,"column":3}},"type":"if","locations":[{"start":{"line":26,"column":2},"end":{"line":37,"column":3}},{"start":{"line":35,"column":9},"end":{"line":37,"column":3}}],"line":26},"2":{"loc":{"start":{"line":42,"column":2},"end":{"line":53,"column":3}},"type":"if","locations":[{"start":{"line":42,"column":2},"end":{"line":53,"column":3}},{"start":{"line":51,"column":9},"end":{"line":53,"column":3}}],"line":42},"3":{"loc":{"start":{"line":45,"column":6},"end":{"line":47,"column":7}},"type":"if","locations":[{"start":{"line":45,"column":6},"end":{"line":47,"column":7}},{"start":{},"end":{}}],"line":45}},"s":{"0":1,"1":1,"2":1,"3":1,"4":1,"5":1,"6":1,"7":2,"8":2,"9":2,"10":5,"11":2,"12":1,"13":1,"14":1,"15":1,"16":1,"17":22,"18":22,"19":21,"20":21,"21":21,"22":1,"23":20,"24":20,"25":1},"f":{"0":2,"1":5,"2":22,"3":21},"b":{"0":[5,2],"1":[1,1],"2":[21,1],"3":[1,20]},"_coverageSchema":"1a1c01bbd47fc00a2c39e90264f33305004495a9","hash":"dc53c24520ed5bbea9ad646678e02e7a033d16cc"}
,"C:\\Users\\paull\\Desktop\\UCSC ClassWork\\CSE 183\\Assignment8\\cse183-dummy-facebook\\Assignment8\\backend\\src\\categoryDB.js": {"path":"C:\\Users\\paull\\Desktop\\UCSC ClassWork\\CSE 183\\Assignment8\\cse183-dummy-facebook\\Assignment8\\backend\\src\\categoryDB.js","statementMap":{"0":{"start":{"line":1,"column":15},"end":{"line":1,"column":28}},"1":{"start":{"line":3,"column":13},"end":{"line":9,"column":2}},"2":{"start":{"line":12,"column":0},"end":{"line":20,"column":2}},"3":{"start":{"line":13,"column":17},"end":{"line":13,"column":41}},"4":{"start":{"line":14,"column":17},"end":{"line":14,"column":41}},"5":{"start":{"line":15,"column":21},"end":{"line":15,"column":23}},"6":{"start":{"line":16,"column":2},"end":{"line":18,"column":3}},"7":{"start":{"line":17,"column":4},"end":{"line":17,"column":25}},"8":{"start":{"line":19,"column":2},"end":{"line":19,"column":20}}},"fnMap":{"0":{"name":"(anonymous_0)","decl":{"start":{"line":12,"column":25},"end":{"line":12,"column":26}},"loc":{"start":{"line":12,"column":37},"end":{"line":20,"column":1}},"line":12}},"branchMap":{},"s":{"0":1,"1":1,"2":1,"3":1,"4":1,"5":1,"6":1,"7":19,"8":1},"f":{"0":1},"b":{},"_coverageSchema":"1a1c01bbd47fc00a2c39e90264f33305004495a9","hash":"337f47b26107e2c19b64261619060b49c2db107c"}
,"C:\\Users\\paull\\Desktop\\UCSC ClassWork\\CSE 183\\Assignment8\\cse183-dummy-facebook\\Assignment8\\backend\\src\\categoryFilter.js": {"path":"C:\\Users\\paull\\Desktop\\UCSC ClassWork\\CSE 183\\Assignment8\\cse183-dummy-facebook\\Assignment8\\backend\\src\\categoryFilter.js","statementMap":{"0":{"start":{"line":1,"column":11},"end":{"line":1,"column":37}},"1":{"start":{"line":4,"column":0},"end":{"line":20,"column":2}},"2":{"start":{"line":5,"column":17},"end":{"line":5,"column":42}},"3":{"start":{"line":6,"column":19},"end":{"line":6,"column":21}},"4":{"start":{"line":8,"column":2},"end":{"line":16,"column":5}},"5":{"start":{"line":9,"column":4},"end":{"line":15,"column":6}},"6":{"start":{"line":18,"column":2},"end":{"line":18,"column":35}}},"fnMap":{"0":{"name":"(anonymous_0)","decl":{"start":{"line":4,"column":25},"end":{"line":4,"column":26}},"loc":{"start":{"line":4,"column":45},"end":{"line":20,"column":1}},"line":4},"1":{"name":"(anonymous_1)","decl":{"start":{"line":8,"column":15},"end":{"line":8,"column":16}},"loc":{"start":{"line":8,"column":24},"end":{"line":16,"column":3}},"line":8}},"branchMap":{},"s":{"0":1,"1":1,"2":1,"3":1,"4":1,"5":19,"6":1},"f":{"0":1,"1":19},"b":{},"_coverageSchema":"1a1c01bbd47fc00a2c39e90264f33305004495a9","hash":"c03e6068f5d8a809d41098aa9777a97cb3480a16"}
,"C:\\Users\\paull\\Desktop\\UCSC ClassWork\\CSE 183\\Assignment8\\cse183-dummy-facebook\\Assignment8\\backend\\src\\users.js": {"path":"C:\\Users\\paull\\Desktop\\UCSC ClassWork\\CSE 183\\Assignment8\\cse183-dummy-facebook\\Assignment8\\backend\\src\\users.js","statementMap":{"0":{"start":{"line":1,"column":17},"end":{"line":1,"column":30}},"1":{"start":{"line":3,"column":13},"end":{"line":9,"column":2}},"2":{"start":{"line":11,"column":0},"end":{"line":20,"column":1}},"3":{"start":{"line":12,"column":15},"end":{"line":12,"column":40}},"4":{"start":{"line":13,"column":16},"end":{"line":16,"column":3}},"5":{"start":{"line":17,"column":19},"end":{"line":17,"column":42}},"6":{"start":{"line":18,"column":16},"end":{"line":18,"column":20}},"7":{"start":{"line":19,"column":2},"end":{"line":19,"column":15}},"8":{"start":{"line":22,"column":0},"end":{"line":29,"column":1}},"9":{"start":{"line":23,"column":15},"end":{"line":23,"column":54}},"10":{"start":{"line":24,"column":16},"end":{"line":27,"column":3}},"11":{"start":{"line":28,"column":2},"end":{"line":28,"column":26}}},"fnMap":{"0":{"name":"(anonymous_0)","decl":{"start":{"line":11,"column":23},"end":{"line":11,"column":24}},"loc":{"start":{"line":11,"column":35},"end":{"line":20,"column":1}},"line":11},"1":{"name":"(anonymous_1)","decl":{"start":{"line":22,"column":24},"end":{"line":22,"column":25}},"loc":{"start":{"line":22,"column":40},"end":{"line":29,"column":1}},"line":22}},"branchMap":{},"s":{"0":1,"1":1,"2":1,"3":2,"4":2,"5":2,"6":2,"7":2,"8":1,"9":1,"10":1,"11":1},"f":{"0":2,"1":1},"b":{},"_coverageSchema":"1a1c01bbd47fc00a2c39e90264f33305004495a9","hash":"709ff3eff96718e3565e91517ddf04f1dbdfe733"}
,"C:\\Users\\paull\\Desktop\\UCSC ClassWork\\CSE 183\\Assignment8\\cse183-dummy-facebook\\Assignment8\\backend\\src\\__tests__\\db.js": {"path":"C:\\Users\\paull\\Desktop\\UCSC ClassWork\\CSE 183\\Assignment8\\cse183-dummy-facebook\\Assignment8\\backend\\src\\__tests__\\db.js","statementMap":{"0":{"start":{"line":5,"column":11},"end":{"line":5,"column":24}},"1":{"start":{"line":6,"column":15},"end":{"line":6,"column":28}},"2":{"start":{"line":8,"column":0},"end":{"line":8,"column":27}},"3":{"start":{"line":9,"column":0},"end":{"line":9,"column":31}},"4":{"start":{"line":11,"column":13},"end":{"line":17,"column":2}},"5":{"start":{"line":19,"column":12},"end":{"line":25,"column":1}},"6":{"start":{"line":20,"column":18},"end":{"line":20,"column":47}},"7":{"start":{"line":21,"column":21},"end":{"line":21,"column":43}},"8":{"start":{"line":22,"column":2},"end":{"line":24,"column":3}},"9":{"start":{"line":23,"column":4},"end":{"line":23,"column":32}},"10":{"start":{"line":27,"column":0},"end":{"line":31,"column":2}},"11":{"start":{"line":28,"column":2},"end":{"line":28,"column":30}},"12":{"start":{"line":29,"column":2},"end":{"line":29,"column":28}},"13":{"start":{"line":30,"column":2},"end":{"line":30,"column":31}}},"fnMap":{"0":{"name":"(anonymous_0)","decl":{"start":{"line":19,"column":12},"end":{"line":19,"column":13}},"loc":{"start":{"line":19,"column":28},"end":{"line":25,"column":1}},"line":19},"1":{"name":"(anonymous_1)","decl":{"start":{"line":27,"column":16},"end":{"line":27,"column":17}},"loc":{"start":{"line":27,"column":28},"end":{"line":31,"column":1}},"line":27}},"branchMap":{},"s":{"0":1,"1":1,"2":1,"3":1,"4":1,"5":1,"6":3,"7":3,"8":3,"9":120,"10":1,"11":1,"12":1,"13":1},"f":{"0":3,"1":1},"b":{},"_coverageSchema":"1a1c01bbd47fc00a2c39e90264f33305004495a9","hash":"3066360134e8dd41b4135c94732ce2fe3c06e8c5"}
}
