TN:
SF:src\Listing.js
FN:3,(anonymous_0)
FN:8,(anonymous_1)
FN:13,(anonymous_2)
FN:19,(anonymous_3)
FN:25,(anonymous_4)
FN:39,(anonymous_5)
FNF:6
FNH:6
FNDA:1,(anonymous_0)
FNDA:1,(anonymous_1)
FNDA:4,(anonymous_2)
FNDA:3,(anonymous_3)
FNDA:5,(anonymous_4)
FNDA:5,(anonymous_5)
DA:1,2
DA:3,2
DA:4,1
DA:5,1
DA:8,2
DA:9,1
DA:10,1
DA:13,2
DA:14,4
DA:16,4
DA:19,2
DA:20,3
DA:22,3
DA:25,2
DA:26,5
DA:32,5
DA:33,4
DA:35,1
DA:39,2
DA:40,5
DA:46,5
DA:47,4
DA:49,1
LF:23
LH:23
BRDA:32,0,0,4
BRDA:32,0,1,1
BRDA:46,1,0,4
BRDA:46,1,1,1
BRF:4
BRH:4
end_of_record
TN:
SF:src\ListingCmd.js
FN:11,(anonymous_0)
FN:18,(anonymous_1)
FN:29,(anonymous_2)
FN:59,(anonymous_3)
FN:82,(anonymous_4)
FN:92,(anonymous_5)
FN:133,(anonymous_6)
FN:140,(anonymous_7)
FN:174,(anonymous_8)
FNF:9
FNH:9
FNDA:1,(anonymous_0)
FNDA:1,(anonymous_1)
FNDA:4,(anonymous_2)
FNDA:3,(anonymous_3)
FNDA:74,(anonymous_4)
FNDA:5,(anonymous_5)
FNDA:5,(anonymous_6)
FNDA:5,(anonymous_7)
FNDA:3,(anonymous_8)
DA:1,2
DA:3,2
DA:11,2
DA:12,1
DA:13,1
DA:14,1
DA:15,1
DA:18,2
DA:19,1
DA:20,1
DA:24,1
DA:25,1
DA:26,1
DA:29,2
DA:30,4
DA:32,4
DA:33,1
DA:34,1
DA:38,3
DA:39,1
DA:40,1
DA:44,2
DA:45,1
DA:47,1
DA:52,1
DA:54,4
DA:55,4
DA:56,4
DA:59,2
DA:60,3
DA:62,3
DA:63,1
DA:64,2
DA:65,1
DA:66,1
DA:71,1
DA:72,1
DA:77,3
DA:79,3
DA:80,2
DA:81,2
DA:82,74
DA:83,2
DA:85,1
DA:92,2
DA:95,5
DA:96,1
DA:99,4
DA:100,4
DA:105,4
DA:106,2
DA:109,2
DA:113,2
DA:114,1
DA:116,1
DA:120,1
DA:121,1
DA:123,1
DA:129,4
DA:130,4
DA:131,3
DA:132,3
DA:133,5
DA:134,3
DA:136,1
DA:140,2
DA:143,5
DA:145,5
DA:150,5
DA:151,1
DA:152,1
DA:156,4
DA:157,1
DA:158,1
DA:162,3
DA:163,1
DA:164,1
DA:169,5
DA:171,5
DA:172,2
DA:173,2
DA:174,3
DA:175,2
DA:177,3
LF:84
LH:84
BRDA:32,0,0,1
BRDA:32,0,1,3
BRDA:32,1,0,4
BRDA:32,1,1,2
BRDA:38,2,0,1
BRDA:38,2,1,2
BRDA:38,3,0,3
BRDA:38,3,1,2
BRDA:44,4,0,1
BRDA:44,4,1,1
BRDA:44,5,0,2
BRDA:44,5,1,1
BRDA:62,6,0,1
BRDA:62,6,1,2
BRDA:62,7,0,3
BRDA:62,7,1,2
BRDA:64,8,0,1
BRDA:64,8,1,1
BRDA:64,9,0,2
BRDA:64,9,1,1
BRDA:79,10,0,2
BRDA:79,10,1,1
BRDA:95,11,0,1
BRDA:95,11,1,4
BRDA:105,12,0,2
BRDA:105,12,1,2
BRDA:105,13,0,4
BRDA:105,13,1,3
BRDA:113,14,0,1
BRDA:113,14,1,1
BRDA:113,15,0,2
BRDA:113,15,1,1
BRDA:120,16,0,1
BRDA:120,16,1,0
BRDA:120,17,0,1
BRDA:120,17,1,1
BRDA:130,18,0,3
BRDA:130,18,1,1
BRDA:150,19,0,1
BRDA:150,19,1,4
BRDA:150,20,0,5
BRDA:150,20,1,3
BRDA:156,21,0,1
BRDA:156,21,1,3
BRDA:156,22,0,4
BRDA:156,22,1,2
BRDA:162,23,0,1
BRDA:162,23,1,2
BRDA:162,24,0,3
BRDA:162,24,1,1
BRDA:171,25,0,2
BRDA:171,25,1,3
BRF:52
BRH:51
end_of_record
TN:
SF:src\Person.js
FN:15,(anonymous_0)
FNF:1
FNH:1
FNDA:1,(anonymous_0)
DA:2,2
DA:5,2
DA:15,2
DA:16,1
DA:18,1
DA:19,1
DA:27,1
DA:28,1
LF:8
LH:8
BRF:0
BRH:0
end_of_record
TN:
SF:src\Replies.js
FN:3,(anonymous_0)
FNF:1
FNH:1
FNDA:1,(anonymous_0)
DA:1,2
DA:3,2
DA:4,1
DA:6,1
LF:4
LH:4
BRF:0
BRH:0
end_of_record
TN:
SF:src\RepliesCmd.js
FN:12,(anonymous_0)
FNF:1
FNH:1
FNDA:1,(anonymous_0)
DA:1,2
DA:3,2
DA:12,2
DA:13,1
DA:14,1
DA:18,1
DA:19,1
DA:20,1
LF:8
LH:8
BRF:0
BRH:0
end_of_record
TN:
SF:src\app.js
FN:47,(anonymous_0)
FNF:1
FNH:1
FNDA:3,(anonymous_0)
DA:1,2
DA:2,2
DA:3,2
DA:4,2
DA:5,2
DA:6,2
DA:7,2
DA:9,2
DA:10,2
DA:11,2
DA:12,2
DA:13,2
DA:14,2
DA:16,2
DA:17,2
DA:18,2
DA:19,2
DA:21,2
DA:23,2
DA:24,2
DA:25,2
DA:26,2
DA:28,2
DA:36,2
DA:37,2
DA:38,2
DA:39,2
DA:40,2
DA:41,2
DA:42,2
DA:43,2
DA:44,2
DA:45,2
DA:47,2
DA:48,3
DA:55,2
LF:36
LH:36
BRF:0
BRH:0
end_of_record
TN:
SF:src\auth.js
FN:17,(anonymous_0)
FN:21,(anonymous_1)
FN:45,(anonymous_2)
FN:49,(anonymous_3)
FNF:4
FNH:4
FNDA:2,(anonymous_0)
FNDA:5,(anonymous_1)
FNDA:21,(anonymous_2)
FNDA:20,(anonymous_3)
DA:1,2
DA:2,2
DA:5,2
DA:7,2
DA:17,2
DA:18,2
DA:19,2
DA:21,2
DA:22,5
DA:26,2
DA:27,1
DA:33,1
DA:34,1
DA:41,1
DA:45,2
DA:46,21
DA:47,21
DA:48,20
DA:49,20
DA:50,20
DA:51,1
DA:53,19
DA:54,19
DA:57,1
LF:24
LH:24
BRDA:22,0,0,5
BRDA:22,0,1,2
BRDA:26,1,0,1
BRDA:26,1,1,1
BRDA:47,2,0,20
BRDA:47,2,1,1
BRDA:50,3,0,1
BRDA:50,3,1,19
BRF:8
BRH:8
end_of_record
TN:
SF:src\categoryDB.js
FN:14,(anonymous_0)
FNF:1
FNH:1
FNDA:1,(anonymous_0)
DA:1,2
DA:3,2
DA:14,2
DA:15,1
DA:16,1
DA:17,1
DA:18,1
DA:19,19
DA:21,1
LF:9
LH:9
BRF:0
BRH:0
end_of_record
TN:
SF:src\categoryFilter.js
FN:6,(anonymous_0)
FN:10,(anonymous_1)
FNF:2
FNH:2
FNDA:1,(anonymous_0)
FNDA:19,(anonymous_1)
DA:1,2
DA:6,2
DA:7,1
DA:8,1
DA:10,1
DA:11,19
DA:20,1
LF:7
LH:7
BRF:0
BRH:0
end_of_record
TN:
SF:src\dummy.js
FN:11,(anonymous_0)
FN:21,(anonymous_1)
FNF:2
FNH:2
FNDA:1,(anonymous_0)
FNDA:1,(anonymous_1)
DA:1,2
DA:3,2
DA:11,2
DA:12,1
DA:13,1
DA:17,1
DA:18,1
DA:21,2
DA:22,1
LF:9
LH:9
BRF:0
BRH:0
end_of_record
TN:
SF:src\users.js
FN:11,(anonymous_0)
FN:22,(anonymous_1)
FNF:2
FNH:2
FNDA:2,(anonymous_0)
FNDA:1,(anonymous_1)
DA:1,2
DA:3,2
DA:11,2
DA:12,2
DA:13,2
DA:17,2
DA:18,2
DA:19,2
DA:22,2
DA:23,1
DA:24,1
DA:28,1
LF:12
LH:12
BRF:0
BRH:0
end_of_record
TN:
SF:src\__tests__\db.js
FN:19,(anonymous_0)
FN:27,(anonymous_1)
FNF:2
FNH:2
FNDA:6,(anonymous_0)
FNDA:2,(anonymous_1)
DA:5,2
DA:6,2
DA:8,2
DA:9,2
DA:11,2
DA:19,2
DA:20,6
DA:21,6
DA:22,6
DA:23,260
DA:27,2
DA:28,2
DA:29,2
DA:30,2
LF:14
LH:14
BRF:0
BRH:0
end_of_record
